2019-07-10 08:48:44,876[URLManager:33][URLManager:addNewUrl][INFO-开始添加待爬取url]
2019-07-10 08:48:44,877[bossSpider:43][bossSpider:crawl][INFO-添加根url成功，即将从根url开始爬取]
2019-07-10 08:48:44,877[bossSpider:46][bossSpider:crawl][INFO-开始爬取了]
2019-07-10 08:48:54,877[bossSpider:50][bossSpider:crawl][INFO-即将开始下载https://www.zhipin.com/c101280600/?query=python&page=1&ka=page-1的内容]
2019-07-10 08:48:55,212[HTMLDownload:31][HTMLDownload:download][INFO-下载html成功，对应url：https://www.zhipin.com/c101280600/?query=python&page=1&ka=page-1]
2019-07-10 08:48:55,869[HTMLAnalysis:50][HTMLAnalysis:parse][INFO-开始解析职位列表页面]
2019-07-10 08:48:56,027[HTMLAnalysis:64][HTMLAnalysis:getNewUrl][INFO-开始从职位列表页面解析新的url，即职位详情]
2019-07-10 08:48:56,066[HTMLAnalysis:71][HTMLAnalysis:getNewUrl][INFO-解析到新的详情界面urlhttps://www.zhipin.com/job_detail/34cf17a8b910ac871HZz2tq7F1o~.html]
2019-07-10 08:48:56,066[HTMLAnalysis:71][HTMLAnalysis:getNewUrl][INFO-解析到新的详情界面urlhttps://www.zhipin.com/job_detail/3c2016bbf8413f3b1XR63t-1FVI~.html]
2019-07-10 08:48:56,067[HTMLAnalysis:71][HTMLAnalysis:getNewUrl][INFO-解析到新的详情界面urlhttps://www.zhipin.com/job_detail/ad2877cd958976161HJ52dq5E1U~.html]
2019-07-10 08:48:56,067[HTMLAnalysis:71][HTMLAnalysis:getNewUrl][INFO-解析到新的详情界面urlhttps://www.zhipin.com/job_detail/63fa8905566064b01X162Nm0FlI~.html]
2019-07-10 08:48:56,068[HTMLAnalysis:71][HTMLAnalysis:getNewUrl][INFO-解析到新的详情界面urlhttps://www.zhipin.com/job_detail/3ff9677f5b1e170a1XJ83Nu-FFQ~.html]
2019-07-10 08:48:56,068[HTMLAnalysis:71][HTMLAnalysis:getNewUrl][INFO-解析到新的详情界面urlhttps://www.zhipin.com/job_detail/eec878b98a5938a01XJ72Nm-FVE~.html]
2019-07-10 08:48:56,069[HTMLAnalysis:71][HTMLAnalysis:getNewUrl][INFO-解析到新的详情界面urlhttps://www.zhipin.com/job_detail/9a98f4e0e7e1aa5d1HFy29q5E1U~.html]
2019-07-10 08:48:56,069[HTMLAnalysis:71][HTMLAnalysis:getNewUrl][INFO-解析到新的详情界面urlhttps://www.zhipin.com/job_detail/8c7e8925a460127d1H182d-7GFE~.html]
2019-07-10 08:48:56,069[HTMLAnalysis:71][HTMLAnalysis:getNewUrl][INFO-解析到新的详情界面urlhttps://www.zhipin.com/job_detail/6153b8131f10cf0a1HJ43928GFo~.html]
2019-07-10 08:48:56,069[HTMLAnalysis:71][HTMLAnalysis:getNewUrl][INFO-解析到新的详情界面urlhttps://www.zhipin.com/job_detail/26686fc3feab9e241HJ-3tW8E1A~.html]
2019-07-10 08:48:56,070[HTMLAnalysis:71][HTMLAnalysis:getNewUrl][INFO-解析到新的详情界面urlhttps://www.zhipin.com/job_detail/93aee47fdae20caa1HF43d-6GFc~.html]
2019-07-10 08:48:56,070[HTMLAnalysis:71][HTMLAnalysis:getNewUrl][INFO-解析到新的详情界面urlhttps://www.zhipin.com/job_detail/84c85801c1cafbb31XV509m4FVI~.html]
2019-07-10 08:48:56,070[HTMLAnalysis:71][HTMLAnalysis:getNewUrl][INFO-解析到新的详情界面urlhttps://www.zhipin.com/job_detail/b965dff80b551c411HZ829W8GFQ~.html]
2019-07-10 08:48:56,070[HTMLAnalysis:71][HTMLAnalysis:getNewUrl][INFO-解析到新的详情界面urlhttps://www.zhipin.com/job_detail/8f22653c8b3a9e691HB72du6EVQ~.html]
2019-07-10 08:48:56,070[HTMLAnalysis:71][HTMLAnalysis:getNewUrl][INFO-解析到新的详情界面urlhttps://www.zhipin.com/job_detail/b61f9c03ed52275b1HBz3NS7FVI~.html]
2019-07-10 08:48:56,070[HTMLAnalysis:71][HTMLAnalysis:getNewUrl][INFO-解析到新的详情界面urlhttps://www.zhipin.com/job_detail/773dab54c8fc42021XR_2d-9EVc~.html]
2019-07-10 08:48:56,071[HTMLAnalysis:71][HTMLAnalysis:getNewUrl][INFO-解析到新的详情界面urlhttps://www.zhipin.com/job_detail/42a48d5f342a3a7b1XZ42tq1FFo~.html]
2019-07-10 08:48:56,071[HTMLAnalysis:71][HTMLAnalysis:getNewUrl][INFO-解析到新的详情界面urlhttps://www.zhipin.com/job_detail/d2e31b4b1e0adff61XFz2ti8F1s~.html]
2019-07-10 08:48:56,071[HTMLAnalysis:71][HTMLAnalysis:getNewUrl][INFO-解析到新的详情界面urlhttps://www.zhipin.com/job_detail/ae2f4a3fc74b94cc1X1909y1F1U~.html]
2019-07-10 08:48:56,071[HTMLAnalysis:71][HTMLAnalysis:getNewUrl][INFO-解析到新的详情界面urlhttps://www.zhipin.com/job_detail/edee82d4901446271XB-2N2-F1E~.html]
2019-07-10 08:48:56,071[HTMLAnalysis:71][HTMLAnalysis:getNewUrl][INFO-解析到新的详情界面urlhttps://www.zhipin.com/job_detail/851866dde96f036a03V62dq1FVQ~.html]
2019-07-10 08:48:56,072[HTMLAnalysis:71][HTMLAnalysis:getNewUrl][INFO-解析到新的详情界面urlhttps://www.zhipin.com/job_detail/af1810418db81e101X193Nq4FlE~.html]
2019-07-10 08:48:56,072[HTMLAnalysis:71][HTMLAnalysis:getNewUrl][INFO-解析到新的详情界面urlhttps://www.zhipin.com/job_detail/fafb0fd45256ffe61HV93tq0E1o~.html]
2019-07-10 08:48:56,072[HTMLAnalysis:71][HTMLAnalysis:getNewUrl][INFO-解析到新的详情界面urlhttps://www.zhipin.com/job_detail/1f0c39d6088c263d1HN529S7F1E~.html]
2019-07-10 08:48:56,073[HTMLAnalysis:71][HTMLAnalysis:getNewUrl][INFO-解析到新的详情界面urlhttps://www.zhipin.com/job_detail/703cd8c5124a9b781XN72tm1GFI~.html]
2019-07-10 08:48:56,074[HTMLAnalysis:71][HTMLAnalysis:getNewUrl][INFO-解析到新的详情界面urlhttps://www.zhipin.com/job_detail/aaa714242e10e5551H182Ni7GFE~.html]
2019-07-10 08:48:56,074[HTMLAnalysis:71][HTMLAnalysis:getNewUrl][INFO-解析到新的详情界面urlhttps://www.zhipin.com/job_detail/7e40832127f4f36c1H1y0t25FVM~.html]
2019-07-10 08:48:56,075[HTMLAnalysis:71][HTMLAnalysis:getNewUrl][INFO-解析到新的详情界面urlhttps://www.zhipin.com/job_detail/fb4778768ff229e21nJ63N21F1c~.html]
2019-07-10 08:48:56,075[HTMLAnalysis:71][HTMLAnalysis:getNewUrl][INFO-解析到新的详情界面urlhttps://www.zhipin.com/job_detail/7883c3f1650f54391nFz3N--F1Y~.html]
2019-07-10 08:48:56,075[HTMLAnalysis:71][HTMLAnalysis:getNewUrl][INFO-解析到新的详情界面urlhttps://www.zhipin.com/job_detail/caad3baff883882f1HV43926ElE~.html]
2019-07-10 08:48:56,076[HTMLAnalysis:73][HTMLAnalysis:getNewUrl][INFO-getNewURL方法执行完毕]
2019-07-10 08:48:56,183[HTMLAnalysis:54][HTMLAnalysis:parse][INFO-解析职位列表页面html成功]
2019-07-10 08:48:56,183[URLManager:33][URLManager:addNewUrl][INFO-开始添加待爬取url]
2019-07-10 08:48:56,183[DataClass:24][DataClass:WriteTxt][INFO-准备将数据写入txt文件中]
2019-07-10 08:48:56,185[bossSpider:61][bossSpider:crawl][INFO-已经爬取了1个链接]
2019-07-10 08:48:56,185[bossSpider:46][bossSpider:crawl][INFO-开始爬取了]
2019-07-10 08:49:06,185[bossSpider:50][bossSpider:crawl][INFO-即将开始下载https://www.zhipin.com/job_detail/7883c3f1650f54391nFz3N--F1Y~.html的内容]
2019-07-10 08:49:06,582[HTMLDownload:31][HTMLDownload:download][INFO-下载html成功，对应url：https://www.zhipin.com/job_detail/7883c3f1650f54391nFz3N--F1Y~.html]
2019-07-10 08:49:07,080[HTMLAnalysis:115][HTMLAnalysis:parse][INFO-开始解析职位详情页面]
2019-07-10 08:59:13,474[URLManager:33][URLManager:addNewUrl][INFO-开始添加待爬取url]
2019-07-10 08:59:13,474[bossSpider:43][bossSpider:crawl][INFO-添加根url成功，即将从根url开始爬取]
2019-07-10 08:59:13,474[bossSpider:46][bossSpider:crawl][INFO-开始爬取了]
2019-07-10 08:59:23,474[bossSpider:50][bossSpider:crawl][INFO-即将开始下载https://www.zhipin.com/c101280600/?query=python&page=1&ka=page-1的内容]
2019-07-10 08:59:23,817[HTMLDownload:31][HTMLDownload:download][INFO-下载html成功，对应url：https://www.zhipin.com/c101280600/?query=python&page=1&ka=page-1]
2019-07-10 08:59:24,433[HTMLAnalysis:50][HTMLAnalysis:parse][INFO-开始解析职位列表页面]
2019-07-10 08:59:24,513[HTMLAnalysis:64][HTMLAnalysis:getNewUrl][INFO-开始从职位列表页面解析新的url，即职位详情]
2019-07-10 08:59:24,532[HTMLAnalysis:71][HTMLAnalysis:getNewUrl][INFO-解析到新的详情界面urlhttps://www.zhipin.com/job_detail/34cf17a8b910ac871HZz2tq7F1o~.html]
2019-07-10 08:59:24,533[HTMLAnalysis:71][HTMLAnalysis:getNewUrl][INFO-解析到新的详情界面urlhttps://www.zhipin.com/job_detail/3c2016bbf8413f3b1XR63t-1FVI~.html]
2019-07-10 08:59:24,533[HTMLAnalysis:71][HTMLAnalysis:getNewUrl][INFO-解析到新的详情界面urlhttps://www.zhipin.com/job_detail/ad2877cd958976161HJ52dq5E1U~.html]
2019-07-10 08:59:24,534[HTMLAnalysis:71][HTMLAnalysis:getNewUrl][INFO-解析到新的详情界面urlhttps://www.zhipin.com/job_detail/63fa8905566064b01X162Nm0FlI~.html]
2019-07-10 08:59:24,534[HTMLAnalysis:71][HTMLAnalysis:getNewUrl][INFO-解析到新的详情界面urlhttps://www.zhipin.com/job_detail/3ff9677f5b1e170a1XJ83Nu-FFQ~.html]
2019-07-10 08:59:24,534[HTMLAnalysis:71][HTMLAnalysis:getNewUrl][INFO-解析到新的详情界面urlhttps://www.zhipin.com/job_detail/eec878b98a5938a01XJ72Nm-FVE~.html]
2019-07-10 08:59:24,534[HTMLAnalysis:71][HTMLAnalysis:getNewUrl][INFO-解析到新的详情界面urlhttps://www.zhipin.com/job_detail/9a98f4e0e7e1aa5d1HFy29q5E1U~.html]
2019-07-10 08:59:24,534[HTMLAnalysis:71][HTMLAnalysis:getNewUrl][INFO-解析到新的详情界面urlhttps://www.zhipin.com/job_detail/8c7e8925a460127d1H182d-7GFE~.html]
2019-07-10 08:59:24,534[HTMLAnalysis:71][HTMLAnalysis:getNewUrl][INFO-解析到新的详情界面urlhttps://www.zhipin.com/job_detail/6153b8131f10cf0a1HJ43928GFo~.html]
2019-07-10 08:59:24,534[HTMLAnalysis:71][HTMLAnalysis:getNewUrl][INFO-解析到新的详情界面urlhttps://www.zhipin.com/job_detail/26686fc3feab9e241HJ-3tW8E1A~.html]
2019-07-10 08:59:24,534[HTMLAnalysis:71][HTMLAnalysis:getNewUrl][INFO-解析到新的详情界面urlhttps://www.zhipin.com/job_detail/93aee47fdae20caa1HF43d-6GFc~.html]
2019-07-10 08:59:24,534[HTMLAnalysis:71][HTMLAnalysis:getNewUrl][INFO-解析到新的详情界面urlhttps://www.zhipin.com/job_detail/84c85801c1cafbb31XV509m4FVI~.html]
2019-07-10 08:59:24,534[HTMLAnalysis:71][HTMLAnalysis:getNewUrl][INFO-解析到新的详情界面urlhttps://www.zhipin.com/job_detail/b965dff80b551c411HZ829W8GFQ~.html]
2019-07-10 08:59:24,535[HTMLAnalysis:71][HTMLAnalysis:getNewUrl][INFO-解析到新的详情界面urlhttps://www.zhipin.com/job_detail/8f22653c8b3a9e691HB72du6EVQ~.html]
2019-07-10 08:59:24,535[HTMLAnalysis:71][HTMLAnalysis:getNewUrl][INFO-解析到新的详情界面urlhttps://www.zhipin.com/job_detail/b61f9c03ed52275b1HBz3NS7FVI~.html]
2019-07-10 08:59:24,535[HTMLAnalysis:71][HTMLAnalysis:getNewUrl][INFO-解析到新的详情界面urlhttps://www.zhipin.com/job_detail/773dab54c8fc42021XR_2d-9EVc~.html]
2019-07-10 08:59:24,535[HTMLAnalysis:71][HTMLAnalysis:getNewUrl][INFO-解析到新的详情界面urlhttps://www.zhipin.com/job_detail/42a48d5f342a3a7b1XZ42tq1FFo~.html]
2019-07-10 08:59:24,535[HTMLAnalysis:71][HTMLAnalysis:getNewUrl][INFO-解析到新的详情界面urlhttps://www.zhipin.com/job_detail/d2e31b4b1e0adff61XFz2ti8F1s~.html]
2019-07-10 08:59:24,535[HTMLAnalysis:71][HTMLAnalysis:getNewUrl][INFO-解析到新的详情界面urlhttps://www.zhipin.com/job_detail/ae2f4a3fc74b94cc1X1909y1F1U~.html]
2019-07-10 08:59:24,536[HTMLAnalysis:71][HTMLAnalysis:getNewUrl][INFO-解析到新的详情界面urlhttps://www.zhipin.com/job_detail/edee82d4901446271XB-2N2-F1E~.html]
2019-07-10 08:59:24,536[HTMLAnalysis:71][HTMLAnalysis:getNewUrl][INFO-解析到新的详情界面urlhttps://www.zhipin.com/job_detail/851866dde96f036a03V62dq1FVQ~.html]
2019-07-10 08:59:24,537[HTMLAnalysis:71][HTMLAnalysis:getNewUrl][INFO-解析到新的详情界面urlhttps://www.zhipin.com/job_detail/af1810418db81e101X193Nq4FlE~.html]
2019-07-10 08:59:24,537[HTMLAnalysis:71][HTMLAnalysis:getNewUrl][INFO-解析到新的详情界面urlhttps://www.zhipin.com/job_detail/fafb0fd45256ffe61HV93tq0E1o~.html]
2019-07-10 08:59:24,537[HTMLAnalysis:71][HTMLAnalysis:getNewUrl][INFO-解析到新的详情界面urlhttps://www.zhipin.com/job_detail/1f0c39d6088c263d1HN529S7F1E~.html]
2019-07-10 08:59:24,537[HTMLAnalysis:71][HTMLAnalysis:getNewUrl][INFO-解析到新的详情界面urlhttps://www.zhipin.com/job_detail/703cd8c5124a9b781XN72tm1GFI~.html]
2019-07-10 08:59:24,538[HTMLAnalysis:71][HTMLAnalysis:getNewUrl][INFO-解析到新的详情界面urlhttps://www.zhipin.com/job_detail/aaa714242e10e5551H182Ni7GFE~.html]
2019-07-10 08:59:24,538[HTMLAnalysis:71][HTMLAnalysis:getNewUrl][INFO-解析到新的详情界面urlhttps://www.zhipin.com/job_detail/7e40832127f4f36c1H1y0t25FVM~.html]
2019-07-10 08:59:24,538[HTMLAnalysis:71][HTMLAnalysis:getNewUrl][INFO-解析到新的详情界面urlhttps://www.zhipin.com/job_detail/fb4778768ff229e21nJ63N21F1c~.html]
2019-07-10 08:59:24,538[HTMLAnalysis:71][HTMLAnalysis:getNewUrl][INFO-解析到新的详情界面urlhttps://www.zhipin.com/job_detail/7883c3f1650f54391nFz3N--F1Y~.html]
2019-07-10 08:59:24,539[HTMLAnalysis:71][HTMLAnalysis:getNewUrl][INFO-解析到新的详情界面urlhttps://www.zhipin.com/job_detail/caad3baff883882f1HV43926ElE~.html]
2019-07-10 08:59:24,539[HTMLAnalysis:73][HTMLAnalysis:getNewUrl][INFO-getNewURL方法执行完毕]
2019-07-10 08:59:24,576[HTMLAnalysis:54][HTMLAnalysis:parse][INFO-解析职位列表页面html成功]
2019-07-10 08:59:24,576[URLManager:33][URLManager:addNewUrl][INFO-开始添加待爬取url]
2019-07-10 08:59:24,576[DataClass:24][DataClass:WriteTxt][INFO-准备将数据写入txt文件中]
2019-07-10 08:59:24,578[bossSpider:61][bossSpider:crawl][INFO-已经爬取了1个链接]
2019-07-10 08:59:24,578[bossSpider:46][bossSpider:crawl][INFO-开始爬取了]
2019-07-10 08:59:34,578[bossSpider:50][bossSpider:crawl][INFO-即将开始下载https://www.zhipin.com/job_detail/3c2016bbf8413f3b1XR63t-1FVI~.html的内容]
2019-07-10 08:59:34,950[HTMLDownload:31][HTMLDownload:download][INFO-下载html成功，对应url：https://www.zhipin.com/job_detail/3c2016bbf8413f3b1XR63t-1FVI~.html]
2019-07-10 08:59:35,390[HTMLAnalysis:115][HTMLAnalysis:parse][INFO-开始解析职位详情页面]
2019-07-10 08:59:35,457[HTMLAnalysis:119][HTMLAnalysis:parse][INFO-解析职位详情页面html成功]
2019-07-10 08:59:35,457[URLManager:33][URLManager:addNewUrl][INFO-开始添加待爬取url]
2019-07-10 08:59:35,457[DataClass:24][DataClass:WriteTxt][INFO-准备将数据写入txt文件中]
2019-07-10 08:59:35,458[bossSpider:61][bossSpider:crawl][INFO-已经爬取了2个链接]
2019-07-10 08:59:35,458[bossSpider:46][bossSpider:crawl][INFO-开始爬取了]
2019-07-10 08:59:45,461[bossSpider:50][bossSpider:crawl][INFO-即将开始下载https://www.zhipin.com/job_detail/7e40832127f4f36c1H1y0t25FVM~.html的内容]
2019-07-10 08:59:45,966[HTMLDownload:31][HTMLDownload:download][INFO-下载html成功，对应url：https://www.zhipin.com/job_detail/7e40832127f4f36c1H1y0t25FVM~.html]
2019-07-10 08:59:46,517[HTMLAnalysis:115][HTMLAnalysis:parse][INFO-开始解析职位详情页面]
2019-07-10 09:41:31,160[DataClass:34][DataClass:csvHelper][INFO-向csv文件中写入标题]
2019-07-10 09:41:31,161[URLManager:33][URLManager:addNewUrl][INFO-开始添加待爬取url]
2019-07-10 09:41:31,161[bossSpider:43][bossSpider:crawl][INFO-添加根url成功，即将从根url开始爬取]
2019-07-10 09:41:31,161[bossSpider:46][bossSpider:crawl][INFO-开始爬取了]
2019-07-10 09:41:41,161[bossSpider:50][bossSpider:crawl][INFO-即将开始下载https://www.zhipin.com/c101280600/?query=python&page=1&ka=page-1的内容]
2019-07-10 09:41:41,522[HTMLDownload:31][HTMLDownload:download][INFO-下载html成功，对应url：https://www.zhipin.com/c101280600/?query=python&page=1&ka=page-1]
2019-07-10 09:41:42,260[HTMLAnalysis:57][HTMLAnalysis:parse][INFO-开始解析职位列表页面]
2019-07-10 09:41:42,367[HTMLAnalysis:71][HTMLAnalysis:getNewUrl][INFO-开始从职位列表页面解析新的url，即职位详情]
2019-07-10 09:41:42,396[HTMLAnalysis:78][HTMLAnalysis:getNewUrl][INFO-解析到新的详情界面urlhttps://www.zhipin.com/job_detail/34cf17a8b910ac871HZz2tq7F1o~.html]
2019-07-10 09:41:42,396[HTMLAnalysis:78][HTMLAnalysis:getNewUrl][INFO-解析到新的详情界面urlhttps://www.zhipin.com/job_detail/3c2016bbf8413f3b1XR63t-1FVI~.html]
2019-07-10 09:41:42,397[HTMLAnalysis:78][HTMLAnalysis:getNewUrl][INFO-解析到新的详情界面urlhttps://www.zhipin.com/job_detail/ad2877cd958976161HJ52dq5E1U~.html]
2019-07-10 09:41:42,397[HTMLAnalysis:78][HTMLAnalysis:getNewUrl][INFO-解析到新的详情界面urlhttps://www.zhipin.com/job_detail/63fa8905566064b01X162Nm0FlI~.html]
2019-07-10 09:41:42,397[HTMLAnalysis:78][HTMLAnalysis:getNewUrl][INFO-解析到新的详情界面urlhttps://www.zhipin.com/job_detail/3ff9677f5b1e170a1XJ83Nu-FFQ~.html]
2019-07-10 09:41:42,397[HTMLAnalysis:78][HTMLAnalysis:getNewUrl][INFO-解析到新的详情界面urlhttps://www.zhipin.com/job_detail/eec878b98a5938a01XJ72Nm-FVE~.html]
2019-07-10 09:41:42,398[HTMLAnalysis:78][HTMLAnalysis:getNewUrl][INFO-解析到新的详情界面urlhttps://www.zhipin.com/job_detail/9a98f4e0e7e1aa5d1HFy29q5E1U~.html]
2019-07-10 09:41:42,398[HTMLAnalysis:78][HTMLAnalysis:getNewUrl][INFO-解析到新的详情界面urlhttps://www.zhipin.com/job_detail/8c7e8925a460127d1H182d-7GFE~.html]
2019-07-10 09:41:42,398[HTMLAnalysis:78][HTMLAnalysis:getNewUrl][INFO-解析到新的详情界面urlhttps://www.zhipin.com/job_detail/6153b8131f10cf0a1HJ43928GFo~.html]
2019-07-10 09:41:42,398[HTMLAnalysis:78][HTMLAnalysis:getNewUrl][INFO-解析到新的详情界面urlhttps://www.zhipin.com/job_detail/26686fc3feab9e241HJ-3tW8E1A~.html]
2019-07-10 09:41:42,399[HTMLAnalysis:78][HTMLAnalysis:getNewUrl][INFO-解析到新的详情界面urlhttps://www.zhipin.com/job_detail/93aee47fdae20caa1HF43d-6GFc~.html]
2019-07-10 09:41:42,399[HTMLAnalysis:78][HTMLAnalysis:getNewUrl][INFO-解析到新的详情界面urlhttps://www.zhipin.com/job_detail/84c85801c1cafbb31XV509m4FVI~.html]
2019-07-10 09:41:42,399[HTMLAnalysis:78][HTMLAnalysis:getNewUrl][INFO-解析到新的详情界面urlhttps://www.zhipin.com/job_detail/b965dff80b551c411HZ829W8GFQ~.html]
2019-07-10 09:41:42,399[HTMLAnalysis:78][HTMLAnalysis:getNewUrl][INFO-解析到新的详情界面urlhttps://www.zhipin.com/job_detail/8f22653c8b3a9e691HB72du6EVQ~.html]
2019-07-10 09:41:42,400[HTMLAnalysis:78][HTMLAnalysis:getNewUrl][INFO-解析到新的详情界面urlhttps://www.zhipin.com/job_detail/b61f9c03ed52275b1HBz3NS7FVI~.html]
2019-07-10 09:41:42,400[HTMLAnalysis:78][HTMLAnalysis:getNewUrl][INFO-解析到新的详情界面urlhttps://www.zhipin.com/job_detail/773dab54c8fc42021XR_2d-9EVc~.html]
2019-07-10 09:41:42,400[HTMLAnalysis:78][HTMLAnalysis:getNewUrl][INFO-解析到新的详情界面urlhttps://www.zhipin.com/job_detail/42a48d5f342a3a7b1XZ42tq1FFo~.html]
2019-07-10 09:41:42,400[HTMLAnalysis:78][HTMLAnalysis:getNewUrl][INFO-解析到新的详情界面urlhttps://www.zhipin.com/job_detail/d2e31b4b1e0adff61XFz2ti8F1s~.html]
2019-07-10 09:41:42,400[HTMLAnalysis:78][HTMLAnalysis:getNewUrl][INFO-解析到新的详情界面urlhttps://www.zhipin.com/job_detail/ae2f4a3fc74b94cc1X1909y1F1U~.html]
2019-07-10 09:41:42,400[HTMLAnalysis:78][HTMLAnalysis:getNewUrl][INFO-解析到新的详情界面urlhttps://www.zhipin.com/job_detail/edee82d4901446271XB-2N2-F1E~.html]
2019-07-10 09:41:42,401[HTMLAnalysis:78][HTMLAnalysis:getNewUrl][INFO-解析到新的详情界面urlhttps://www.zhipin.com/job_detail/851866dde96f036a03V62dq1FVQ~.html]
2019-07-10 09:41:42,401[HTMLAnalysis:78][HTMLAnalysis:getNewUrl][INFO-解析到新的详情界面urlhttps://www.zhipin.com/job_detail/af1810418db81e101X193Nq4FlE~.html]
2019-07-10 09:41:42,401[HTMLAnalysis:78][HTMLAnalysis:getNewUrl][INFO-解析到新的详情界面urlhttps://www.zhipin.com/job_detail/fafb0fd45256ffe61HV93tq0E1o~.html]
2019-07-10 09:41:42,401[HTMLAnalysis:78][HTMLAnalysis:getNewUrl][INFO-解析到新的详情界面urlhttps://www.zhipin.com/job_detail/1f0c39d6088c263d1HN529S7F1E~.html]
2019-07-10 09:41:42,401[HTMLAnalysis:78][HTMLAnalysis:getNewUrl][INFO-解析到新的详情界面urlhttps://www.zhipin.com/job_detail/703cd8c5124a9b781XN72tm1GFI~.html]
2019-07-10 09:41:42,402[HTMLAnalysis:78][HTMLAnalysis:getNewUrl][INFO-解析到新的详情界面urlhttps://www.zhipin.com/job_detail/aaa714242e10e5551H182Ni7GFE~.html]
2019-07-10 09:41:42,402[HTMLAnalysis:78][HTMLAnalysis:getNewUrl][INFO-解析到新的详情界面urlhttps://www.zhipin.com/job_detail/7e40832127f4f36c1H1y0t25FVM~.html]
2019-07-10 09:41:42,402[HTMLAnalysis:78][HTMLAnalysis:getNewUrl][INFO-解析到新的详情界面urlhttps://www.zhipin.com/job_detail/fb4778768ff229e21nJ63N21F1c~.html]
2019-07-10 09:41:42,403[HTMLAnalysis:78][HTMLAnalysis:getNewUrl][INFO-解析到新的详情界面urlhttps://www.zhipin.com/job_detail/7883c3f1650f54391nFz3N--F1Y~.html]
2019-07-10 09:41:42,403[HTMLAnalysis:78][HTMLAnalysis:getNewUrl][INFO-解析到新的详情界面urlhttps://www.zhipin.com/job_detail/caad3baff883882f1HV43926ElE~.html]
2019-07-10 09:41:42,403[HTMLAnalysis:80][HTMLAnalysis:getNewUrl][INFO-getNewURL方法执行完毕]
2019-07-10 09:41:42,455[HTMLAnalysis:61][HTMLAnalysis:parse][INFO-解析职位列表页面html成功]
2019-07-10 09:41:42,456[URLManager:33][URLManager:addNewUrl][INFO-开始添加待爬取url]
2019-07-10 09:41:42,456[DataClass:45][DataClass:WriteCSV][INFO-准备将数据写入csv文件中]
2019-07-10 09:41:42,463[bossSpider:63][bossSpider:crawl][INFO-已经爬取了1个链接]
2019-07-10 09:41:42,463[bossSpider:46][bossSpider:crawl][INFO-开始爬取了]
2019-07-10 09:41:52,463[bossSpider:50][bossSpider:crawl][INFO-即将开始下载https://www.zhipin.com/job_detail/aaa714242e10e5551H182Ni7GFE~.html的内容]
2019-07-10 09:41:52,884[HTMLDownload:31][HTMLDownload:download][INFO-下载html成功，对应url：https://www.zhipin.com/job_detail/aaa714242e10e5551H182Ni7GFE~.html]
2019-07-10 09:41:53,434[HTMLAnalysis:127][HTMLAnalysis:parse][INFO-开始解析职位详情页面]
2019-07-10 09:46:58,790[DataClass:34][DataClass:csvHelper][INFO-向csv文件中写入标题]
2019-07-10 09:46:58,791[URLManager:33][URLManager:addNewUrl][INFO-开始添加待爬取url]
2019-07-10 09:46:58,791[bossSpider:43][bossSpider:crawl][INFO-添加根url成功，即将从根url开始爬取]
2019-07-10 09:46:58,791[bossSpider:46][bossSpider:crawl][INFO-开始爬取了]
2019-07-10 09:47:08,792[bossSpider:50][bossSpider:crawl][INFO-即将开始下载https://www.zhipin.com/c101280600/?query=python&page=1&ka=page-1的内容]
2019-07-10 09:47:09,110[HTMLDownload:31][HTMLDownload:download][INFO-下载html成功，对应url：https://www.zhipin.com/c101280600/?query=python&page=1&ka=page-1]
2019-07-10 09:47:09,711[HTMLAnalysis:53][HTMLAnalysis:parse][INFO-开始解析职位列表页面]
2019-07-10 09:47:09,796[HTMLAnalysis:67][HTMLAnalysis:getNewUrl][INFO-开始从职位列表页面解析新的url，即职位详情]
2019-07-10 09:47:09,814[HTMLAnalysis:73][HTMLAnalysis:getNewUrl][INFO-解析到新的详情界面urlhttps://www.zhipin.com/job_detail/34cf17a8b910ac871HZz2tq7F1o~.html]
2019-07-10 09:47:09,814[HTMLAnalysis:73][HTMLAnalysis:getNewUrl][INFO-解析到新的详情界面urlhttps://www.zhipin.com/job_detail/3c2016bbf8413f3b1XR63t-1FVI~.html]
2019-07-10 09:47:09,814[HTMLAnalysis:73][HTMLAnalysis:getNewUrl][INFO-解析到新的详情界面urlhttps://www.zhipin.com/job_detail/ad2877cd958976161HJ52dq5E1U~.html]
2019-07-10 09:47:09,814[HTMLAnalysis:73][HTMLAnalysis:getNewUrl][INFO-解析到新的详情界面urlhttps://www.zhipin.com/job_detail/63fa8905566064b01X162Nm0FlI~.html]
2019-07-10 09:47:09,815[HTMLAnalysis:73][HTMLAnalysis:getNewUrl][INFO-解析到新的详情界面urlhttps://www.zhipin.com/job_detail/3ff9677f5b1e170a1XJ83Nu-FFQ~.html]
2019-07-10 09:47:09,815[HTMLAnalysis:73][HTMLAnalysis:getNewUrl][INFO-解析到新的详情界面urlhttps://www.zhipin.com/job_detail/eec878b98a5938a01XJ72Nm-FVE~.html]
2019-07-10 09:47:09,815[HTMLAnalysis:73][HTMLAnalysis:getNewUrl][INFO-解析到新的详情界面urlhttps://www.zhipin.com/job_detail/9a98f4e0e7e1aa5d1HFy29q5E1U~.html]
2019-07-10 09:47:09,815[HTMLAnalysis:73][HTMLAnalysis:getNewUrl][INFO-解析到新的详情界面urlhttps://www.zhipin.com/job_detail/8c7e8925a460127d1H182d-7GFE~.html]
2019-07-10 09:47:09,815[HTMLAnalysis:73][HTMLAnalysis:getNewUrl][INFO-解析到新的详情界面urlhttps://www.zhipin.com/job_detail/6153b8131f10cf0a1HJ43928GFo~.html]
2019-07-10 09:47:09,816[HTMLAnalysis:73][HTMLAnalysis:getNewUrl][INFO-解析到新的详情界面urlhttps://www.zhipin.com/job_detail/26686fc3feab9e241HJ-3tW8E1A~.html]
2019-07-10 09:47:09,816[HTMLAnalysis:73][HTMLAnalysis:getNewUrl][INFO-解析到新的详情界面urlhttps://www.zhipin.com/job_detail/93aee47fdae20caa1HF43d-6GFc~.html]
2019-07-10 09:47:09,816[HTMLAnalysis:73][HTMLAnalysis:getNewUrl][INFO-解析到新的详情界面urlhttps://www.zhipin.com/job_detail/84c85801c1cafbb31XV509m4FVI~.html]
2019-07-10 09:47:09,816[HTMLAnalysis:73][HTMLAnalysis:getNewUrl][INFO-解析到新的详情界面urlhttps://www.zhipin.com/job_detail/b965dff80b551c411HZ829W8GFQ~.html]
2019-07-10 09:47:09,817[HTMLAnalysis:73][HTMLAnalysis:getNewUrl][INFO-解析到新的详情界面urlhttps://www.zhipin.com/job_detail/8f22653c8b3a9e691HB72du6EVQ~.html]
2019-07-10 09:47:09,817[HTMLAnalysis:73][HTMLAnalysis:getNewUrl][INFO-解析到新的详情界面urlhttps://www.zhipin.com/job_detail/b61f9c03ed52275b1HBz3NS7FVI~.html]
2019-07-10 09:47:09,817[HTMLAnalysis:73][HTMLAnalysis:getNewUrl][INFO-解析到新的详情界面urlhttps://www.zhipin.com/job_detail/773dab54c8fc42021XR_2d-9EVc~.html]
2019-07-10 09:47:09,818[HTMLAnalysis:73][HTMLAnalysis:getNewUrl][INFO-解析到新的详情界面urlhttps://www.zhipin.com/job_detail/42a48d5f342a3a7b1XZ42tq1FFo~.html]
2019-07-10 09:47:09,818[HTMLAnalysis:73][HTMLAnalysis:getNewUrl][INFO-解析到新的详情界面urlhttps://www.zhipin.com/job_detail/d2e31b4b1e0adff61XFz2ti8F1s~.html]
2019-07-10 09:47:09,818[HTMLAnalysis:73][HTMLAnalysis:getNewUrl][INFO-解析到新的详情界面urlhttps://www.zhipin.com/job_detail/ae2f4a3fc74b94cc1X1909y1F1U~.html]
2019-07-10 09:47:09,818[HTMLAnalysis:73][HTMLAnalysis:getNewUrl][INFO-解析到新的详情界面urlhttps://www.zhipin.com/job_detail/edee82d4901446271XB-2N2-F1E~.html]
2019-07-10 09:47:09,818[HTMLAnalysis:73][HTMLAnalysis:getNewUrl][INFO-解析到新的详情界面urlhttps://www.zhipin.com/job_detail/851866dde96f036a03V62dq1FVQ~.html]
2019-07-10 09:47:09,819[HTMLAnalysis:73][HTMLAnalysis:getNewUrl][INFO-解析到新的详情界面urlhttps://www.zhipin.com/job_detail/af1810418db81e101X193Nq4FlE~.html]
2019-07-10 09:47:09,819[HTMLAnalysis:73][HTMLAnalysis:getNewUrl][INFO-解析到新的详情界面urlhttps://www.zhipin.com/job_detail/fafb0fd45256ffe61HV93tq0E1o~.html]
2019-07-10 09:47:09,819[HTMLAnalysis:73][HTMLAnalysis:getNewUrl][INFO-解析到新的详情界面urlhttps://www.zhipin.com/job_detail/1f0c39d6088c263d1HN529S7F1E~.html]
2019-07-10 09:47:09,819[HTMLAnalysis:73][HTMLAnalysis:getNewUrl][INFO-解析到新的详情界面urlhttps://www.zhipin.com/job_detail/703cd8c5124a9b781XN72tm1GFI~.html]
2019-07-10 09:47:09,819[HTMLAnalysis:73][HTMLAnalysis:getNewUrl][INFO-解析到新的详情界面urlhttps://www.zhipin.com/job_detail/aaa714242e10e5551H182Ni7GFE~.html]
2019-07-10 09:47:09,819[HTMLAnalysis:73][HTMLAnalysis:getNewUrl][INFO-解析到新的详情界面urlhttps://www.zhipin.com/job_detail/7e40832127f4f36c1H1y0t25FVM~.html]
2019-07-10 09:47:09,819[HTMLAnalysis:73][HTMLAnalysis:getNewUrl][INFO-解析到新的详情界面urlhttps://www.zhipin.com/job_detail/fb4778768ff229e21nJ63N21F1c~.html]
2019-07-10 09:47:09,820[HTMLAnalysis:73][HTMLAnalysis:getNewUrl][INFO-解析到新的详情界面urlhttps://www.zhipin.com/job_detail/7883c3f1650f54391nFz3N--F1Y~.html]
2019-07-10 09:47:09,820[HTMLAnalysis:73][HTMLAnalysis:getNewUrl][INFO-解析到新的详情界面urlhttps://www.zhipin.com/job_detail/caad3baff883882f1HV43926ElE~.html]
2019-07-10 09:47:09,820[HTMLAnalysis:75][HTMLAnalysis:getNewUrl][INFO-getNewURL方法执行完毕]
2019-07-10 09:47:09,857[HTMLAnalysis:57][HTMLAnalysis:parse][INFO-解析职位列表页面html成功]
2019-07-10 09:47:09,857[URLManager:33][URLManager:addNewUrl][INFO-开始添加待爬取url]
2019-07-10 09:47:09,857[DataClass:45][DataClass:WriteCSV][INFO-准备将数据写入csv文件中]
2019-07-10 09:47:09,861[bossSpider:63][bossSpider:crawl][INFO-已经爬取了1个链接]
2019-07-10 09:47:09,861[bossSpider:46][bossSpider:crawl][INFO-开始爬取了]
2019-07-10 09:47:19,862[bossSpider:50][bossSpider:crawl][INFO-即将开始下载https://www.zhipin.com/job_detail/7883c3f1650f54391nFz3N--F1Y~.html的内容]
2019-07-10 09:47:20,267[HTMLDownload:31][HTMLDownload:download][INFO-下载html成功，对应url：https://www.zhipin.com/job_detail/7883c3f1650f54391nFz3N--F1Y~.html]
2019-07-10 09:47:20,719[HTMLAnalysis:120][HTMLAnalysis:parse][INFO-开始解析职位详情页面]
2019-07-10 09:50:22,188[DataClass:34][DataClass:csvHelper][INFO-向csv文件中写入标题]
2019-07-10 09:50:22,189[URLManager:33][URLManager:addNewUrl][INFO-开始添加待爬取url]
2019-07-10 09:50:22,189[bossSpider:43][bossSpider:crawl][INFO-添加根url成功，即将从根url开始爬取]
2019-07-10 09:50:22,189[bossSpider:46][bossSpider:crawl][INFO-开始爬取了]
2019-07-10 09:50:32,189[bossSpider:50][bossSpider:crawl][INFO-即将开始下载https://www.zhipin.com/c101280600/?query=python&page=1&ka=page-1的内容]
2019-07-10 09:50:32,533[HTMLDownload:31][HTMLDownload:download][INFO-下载html成功，对应url：https://www.zhipin.com/c101280600/?query=python&page=1&ka=page-1]
2019-07-10 09:50:33,116[HTMLAnalysis:53][HTMLAnalysis:parse][INFO-开始解析职位列表页面]
2019-07-10 09:50:33,204[HTMLAnalysis:67][HTMLAnalysis:getNewUrl][INFO-开始从职位列表页面解析新的url，即职位详情]
2019-07-10 09:50:33,222[HTMLAnalysis:73][HTMLAnalysis:getNewUrl][INFO-解析到新的详情界面urlhttps://www.zhipin.com/job_detail/34cf17a8b910ac871HZz2tq7F1o~.html]
2019-07-10 09:50:33,222[HTMLAnalysis:73][HTMLAnalysis:getNewUrl][INFO-解析到新的详情界面urlhttps://www.zhipin.com/job_detail/3c2016bbf8413f3b1XR63t-1FVI~.html]
2019-07-10 09:50:33,222[HTMLAnalysis:73][HTMLAnalysis:getNewUrl][INFO-解析到新的详情界面urlhttps://www.zhipin.com/job_detail/ad2877cd958976161HJ52dq5E1U~.html]
2019-07-10 09:50:33,223[HTMLAnalysis:73][HTMLAnalysis:getNewUrl][INFO-解析到新的详情界面urlhttps://www.zhipin.com/job_detail/63fa8905566064b01X162Nm0FlI~.html]
2019-07-10 09:50:33,224[HTMLAnalysis:73][HTMLAnalysis:getNewUrl][INFO-解析到新的详情界面urlhttps://www.zhipin.com/job_detail/3ff9677f5b1e170a1XJ83Nu-FFQ~.html]
2019-07-10 09:50:33,224[HTMLAnalysis:73][HTMLAnalysis:getNewUrl][INFO-解析到新的详情界面urlhttps://www.zhipin.com/job_detail/eec878b98a5938a01XJ72Nm-FVE~.html]
2019-07-10 09:50:33,224[HTMLAnalysis:73][HTMLAnalysis:getNewUrl][INFO-解析到新的详情界面urlhttps://www.zhipin.com/job_detail/9a98f4e0e7e1aa5d1HFy29q5E1U~.html]
2019-07-10 09:50:33,224[HTMLAnalysis:73][HTMLAnalysis:getNewUrl][INFO-解析到新的详情界面urlhttps://www.zhipin.com/job_detail/8c7e8925a460127d1H182d-7GFE~.html]
2019-07-10 09:50:33,224[HTMLAnalysis:73][HTMLAnalysis:getNewUrl][INFO-解析到新的详情界面urlhttps://www.zhipin.com/job_detail/6153b8131f10cf0a1HJ43928GFo~.html]
2019-07-10 09:50:33,224[HTMLAnalysis:73][HTMLAnalysis:getNewUrl][INFO-解析到新的详情界面urlhttps://www.zhipin.com/job_detail/26686fc3feab9e241HJ-3tW8E1A~.html]
2019-07-10 09:50:33,224[HTMLAnalysis:73][HTMLAnalysis:getNewUrl][INFO-解析到新的详情界面urlhttps://www.zhipin.com/job_detail/93aee47fdae20caa1HF43d-6GFc~.html]
2019-07-10 09:50:33,225[HTMLAnalysis:73][HTMLAnalysis:getNewUrl][INFO-解析到新的详情界面urlhttps://www.zhipin.com/job_detail/84c85801c1cafbb31XV509m4FVI~.html]
2019-07-10 09:50:33,226[HTMLAnalysis:73][HTMLAnalysis:getNewUrl][INFO-解析到新的详情界面urlhttps://www.zhipin.com/job_detail/b965dff80b551c411HZ829W8GFQ~.html]
2019-07-10 09:50:33,226[HTMLAnalysis:73][HTMLAnalysis:getNewUrl][INFO-解析到新的详情界面urlhttps://www.zhipin.com/job_detail/8f22653c8b3a9e691HB72du6EVQ~.html]
2019-07-10 09:50:33,226[HTMLAnalysis:73][HTMLAnalysis:getNewUrl][INFO-解析到新的详情界面urlhttps://www.zhipin.com/job_detail/b61f9c03ed52275b1HBz3NS7FVI~.html]
2019-07-10 09:50:33,226[HTMLAnalysis:73][HTMLAnalysis:getNewUrl][INFO-解析到新的详情界面urlhttps://www.zhipin.com/job_detail/773dab54c8fc42021XR_2d-9EVc~.html]
2019-07-10 09:50:33,226[HTMLAnalysis:73][HTMLAnalysis:getNewUrl][INFO-解析到新的详情界面urlhttps://www.zhipin.com/job_detail/42a48d5f342a3a7b1XZ42tq1FFo~.html]
2019-07-10 09:50:33,226[HTMLAnalysis:73][HTMLAnalysis:getNewUrl][INFO-解析到新的详情界面urlhttps://www.zhipin.com/job_detail/d2e31b4b1e0adff61XFz2ti8F1s~.html]
2019-07-10 09:50:33,226[HTMLAnalysis:73][HTMLAnalysis:getNewUrl][INFO-解析到新的详情界面urlhttps://www.zhipin.com/job_detail/ae2f4a3fc74b94cc1X1909y1F1U~.html]
2019-07-10 09:50:33,226[HTMLAnalysis:73][HTMLAnalysis:getNewUrl][INFO-解析到新的详情界面urlhttps://www.zhipin.com/job_detail/edee82d4901446271XB-2N2-F1E~.html]
2019-07-10 09:50:33,227[HTMLAnalysis:73][HTMLAnalysis:getNewUrl][INFO-解析到新的详情界面urlhttps://www.zhipin.com/job_detail/851866dde96f036a03V62dq1FVQ~.html]
2019-07-10 09:50:33,227[HTMLAnalysis:73][HTMLAnalysis:getNewUrl][INFO-解析到新的详情界面urlhttps://www.zhipin.com/job_detail/af1810418db81e101X193Nq4FlE~.html]
2019-07-10 09:50:33,227[HTMLAnalysis:73][HTMLAnalysis:getNewUrl][INFO-解析到新的详情界面urlhttps://www.zhipin.com/job_detail/fafb0fd45256ffe61HV93tq0E1o~.html]
2019-07-10 09:50:33,227[HTMLAnalysis:73][HTMLAnalysis:getNewUrl][INFO-解析到新的详情界面urlhttps://www.zhipin.com/job_detail/1f0c39d6088c263d1HN529S7F1E~.html]
2019-07-10 09:50:33,227[HTMLAnalysis:73][HTMLAnalysis:getNewUrl][INFO-解析到新的详情界面urlhttps://www.zhipin.com/job_detail/703cd8c5124a9b781XN72tm1GFI~.html]
2019-07-10 09:50:33,228[HTMLAnalysis:73][HTMLAnalysis:getNewUrl][INFO-解析到新的详情界面urlhttps://www.zhipin.com/job_detail/aaa714242e10e5551H182Ni7GFE~.html]
2019-07-10 09:50:33,228[HTMLAnalysis:73][HTMLAnalysis:getNewUrl][INFO-解析到新的详情界面urlhttps://www.zhipin.com/job_detail/7e40832127f4f36c1H1y0t25FVM~.html]
2019-07-10 09:50:33,228[HTMLAnalysis:73][HTMLAnalysis:getNewUrl][INFO-解析到新的详情界面urlhttps://www.zhipin.com/job_detail/fb4778768ff229e21nJ63N21F1c~.html]
2019-07-10 09:50:33,228[HTMLAnalysis:73][HTMLAnalysis:getNewUrl][INFO-解析到新的详情界面urlhttps://www.zhipin.com/job_detail/7883c3f1650f54391nFz3N--F1Y~.html]
2019-07-10 09:50:33,228[HTMLAnalysis:73][HTMLAnalysis:getNewUrl][INFO-解析到新的详情界面urlhttps://www.zhipin.com/job_detail/caad3baff883882f1HV43926ElE~.html]
2019-07-10 09:50:33,228[HTMLAnalysis:75][HTMLAnalysis:getNewUrl][INFO-getNewURL方法执行完毕]
2019-07-10 09:50:33,265[HTMLAnalysis:57][HTMLAnalysis:parse][INFO-解析职位列表页面html成功]
2019-07-10 09:50:33,265[URLManager:33][URLManager:addNewUrl][INFO-开始添加待爬取url]
2019-07-10 09:50:33,265[DataClass:45][DataClass:WriteCSV][INFO-准备将数据写入csv文件中]
2019-07-10 09:50:33,270[bossSpider:63][bossSpider:crawl][INFO-已经爬取了1个链接]
2019-07-10 09:50:33,270[bossSpider:46][bossSpider:crawl][INFO-开始爬取了]
2019-07-10 09:50:43,271[bossSpider:50][bossSpider:crawl][INFO-即将开始下载https://www.zhipin.com/job_detail/8c7e8925a460127d1H182d-7GFE~.html的内容]
2019-07-10 09:50:43,676[HTMLDownload:31][HTMLDownload:download][INFO-下载html成功，对应url：https://www.zhipin.com/job_detail/8c7e8925a460127d1H182d-7GFE~.html]
2019-07-10 09:50:44,085[HTMLAnalysis:120][HTMLAnalysis:parse][INFO-开始解析职位详情页面]
2019-07-10 09:50:44,145[HTMLAnalysis:137][HTMLAnalysis:getNewData][INFO-开始获取职位详情数据]
2019-07-10 09:52:17,191[DataClass:34][DataClass:csvHelper][INFO-向csv文件中写入标题]
2019-07-10 09:52:17,192[URLManager:33][URLManager:addNewUrl][INFO-开始添加待爬取url]
2019-07-10 09:52:17,192[bossSpider:43][bossSpider:crawl][INFO-添加根url成功，即将从根url开始爬取]
2019-07-10 09:52:17,194[bossSpider:46][bossSpider:crawl][INFO-开始爬取了]
2019-07-10 09:52:27,195[bossSpider:50][bossSpider:crawl][INFO-即将开始下载https://www.zhipin.com/c101280600/?query=python&page=1&ka=page-1的内容]
2019-07-10 09:52:27,537[HTMLDownload:31][HTMLDownload:download][INFO-下载html成功，对应url：https://www.zhipin.com/c101280600/?query=python&page=1&ka=page-1]
2019-07-10 09:52:28,119[HTMLAnalysis:53][HTMLAnalysis:parse][INFO-开始解析职位列表页面]
2019-07-10 09:52:28,204[HTMLAnalysis:67][HTMLAnalysis:getNewUrl][INFO-开始从职位列表页面解析新的url，即职位详情]
2019-07-10 09:52:28,223[HTMLAnalysis:73][HTMLAnalysis:getNewUrl][INFO-解析到新的详情界面urlhttps://www.zhipin.com/job_detail/34cf17a8b910ac871HZz2tq7F1o~.html]
2019-07-10 09:52:28,223[HTMLAnalysis:73][HTMLAnalysis:getNewUrl][INFO-解析到新的详情界面urlhttps://www.zhipin.com/job_detail/3c2016bbf8413f3b1XR63t-1FVI~.html]
2019-07-10 09:52:28,224[HTMLAnalysis:73][HTMLAnalysis:getNewUrl][INFO-解析到新的详情界面urlhttps://www.zhipin.com/job_detail/ad2877cd958976161HJ52dq5E1U~.html]
2019-07-10 09:52:28,224[HTMLAnalysis:73][HTMLAnalysis:getNewUrl][INFO-解析到新的详情界面urlhttps://www.zhipin.com/job_detail/63fa8905566064b01X162Nm0FlI~.html]
2019-07-10 09:52:28,224[HTMLAnalysis:73][HTMLAnalysis:getNewUrl][INFO-解析到新的详情界面urlhttps://www.zhipin.com/job_detail/3ff9677f5b1e170a1XJ83Nu-FFQ~.html]
2019-07-10 09:52:28,224[HTMLAnalysis:73][HTMLAnalysis:getNewUrl][INFO-解析到新的详情界面urlhttps://www.zhipin.com/job_detail/eec878b98a5938a01XJ72Nm-FVE~.html]
2019-07-10 09:52:28,225[HTMLAnalysis:73][HTMLAnalysis:getNewUrl][INFO-解析到新的详情界面urlhttps://www.zhipin.com/job_detail/9a98f4e0e7e1aa5d1HFy29q5E1U~.html]
2019-07-10 09:52:28,225[HTMLAnalysis:73][HTMLAnalysis:getNewUrl][INFO-解析到新的详情界面urlhttps://www.zhipin.com/job_detail/8c7e8925a460127d1H182d-7GFE~.html]
2019-07-10 09:52:28,225[HTMLAnalysis:73][HTMLAnalysis:getNewUrl][INFO-解析到新的详情界面urlhttps://www.zhipin.com/job_detail/6153b8131f10cf0a1HJ43928GFo~.html]
2019-07-10 09:52:28,225[HTMLAnalysis:73][HTMLAnalysis:getNewUrl][INFO-解析到新的详情界面urlhttps://www.zhipin.com/job_detail/26686fc3feab9e241HJ-3tW8E1A~.html]
2019-07-10 09:52:28,225[HTMLAnalysis:73][HTMLAnalysis:getNewUrl][INFO-解析到新的详情界面urlhttps://www.zhipin.com/job_detail/93aee47fdae20caa1HF43d-6GFc~.html]
2019-07-10 09:52:28,226[HTMLAnalysis:73][HTMLAnalysis:getNewUrl][INFO-解析到新的详情界面urlhttps://www.zhipin.com/job_detail/84c85801c1cafbb31XV509m4FVI~.html]
2019-07-10 09:52:28,226[HTMLAnalysis:73][HTMLAnalysis:getNewUrl][INFO-解析到新的详情界面urlhttps://www.zhipin.com/job_detail/b965dff80b551c411HZ829W8GFQ~.html]
2019-07-10 09:52:28,226[HTMLAnalysis:73][HTMLAnalysis:getNewUrl][INFO-解析到新的详情界面urlhttps://www.zhipin.com/job_detail/8f22653c8b3a9e691HB72du6EVQ~.html]
2019-07-10 09:52:28,226[HTMLAnalysis:73][HTMLAnalysis:getNewUrl][INFO-解析到新的详情界面urlhttps://www.zhipin.com/job_detail/b61f9c03ed52275b1HBz3NS7FVI~.html]
2019-07-10 09:52:28,226[HTMLAnalysis:73][HTMLAnalysis:getNewUrl][INFO-解析到新的详情界面urlhttps://www.zhipin.com/job_detail/773dab54c8fc42021XR_2d-9EVc~.html]
2019-07-10 09:52:28,227[HTMLAnalysis:73][HTMLAnalysis:getNewUrl][INFO-解析到新的详情界面urlhttps://www.zhipin.com/job_detail/42a48d5f342a3a7b1XZ42tq1FFo~.html]
2019-07-10 09:52:28,227[HTMLAnalysis:73][HTMLAnalysis:getNewUrl][INFO-解析到新的详情界面urlhttps://www.zhipin.com/job_detail/d2e31b4b1e0adff61XFz2ti8F1s~.html]
2019-07-10 09:52:28,227[HTMLAnalysis:73][HTMLAnalysis:getNewUrl][INFO-解析到新的详情界面urlhttps://www.zhipin.com/job_detail/ae2f4a3fc74b94cc1X1909y1F1U~.html]
2019-07-10 09:52:28,227[HTMLAnalysis:73][HTMLAnalysis:getNewUrl][INFO-解析到新的详情界面urlhttps://www.zhipin.com/job_detail/edee82d4901446271XB-2N2-F1E~.html]
2019-07-10 09:52:28,227[HTMLAnalysis:73][HTMLAnalysis:getNewUrl][INFO-解析到新的详情界面urlhttps://www.zhipin.com/job_detail/851866dde96f036a03V62dq1FVQ~.html]
2019-07-10 09:52:28,228[HTMLAnalysis:73][HTMLAnalysis:getNewUrl][INFO-解析到新的详情界面urlhttps://www.zhipin.com/job_detail/af1810418db81e101X193Nq4FlE~.html]
2019-07-10 09:52:28,228[HTMLAnalysis:73][HTMLAnalysis:getNewUrl][INFO-解析到新的详情界面urlhttps://www.zhipin.com/job_detail/fafb0fd45256ffe61HV93tq0E1o~.html]
2019-07-10 09:52:28,228[HTMLAnalysis:73][HTMLAnalysis:getNewUrl][INFO-解析到新的详情界面urlhttps://www.zhipin.com/job_detail/1f0c39d6088c263d1HN529S7F1E~.html]
2019-07-10 09:52:28,228[HTMLAnalysis:73][HTMLAnalysis:getNewUrl][INFO-解析到新的详情界面urlhttps://www.zhipin.com/job_detail/703cd8c5124a9b781XN72tm1GFI~.html]
2019-07-10 09:52:28,228[HTMLAnalysis:73][HTMLAnalysis:getNewUrl][INFO-解析到新的详情界面urlhttps://www.zhipin.com/job_detail/aaa714242e10e5551H182Ni7GFE~.html]
2019-07-10 09:52:28,228[HTMLAnalysis:73][HTMLAnalysis:getNewUrl][INFO-解析到新的详情界面urlhttps://www.zhipin.com/job_detail/7e40832127f4f36c1H1y0t25FVM~.html]
2019-07-10 09:52:28,229[HTMLAnalysis:73][HTMLAnalysis:getNewUrl][INFO-解析到新的详情界面urlhttps://www.zhipin.com/job_detail/fb4778768ff229e21nJ63N21F1c~.html]
2019-07-10 09:52:28,229[HTMLAnalysis:73][HTMLAnalysis:getNewUrl][INFO-解析到新的详情界面urlhttps://www.zhipin.com/job_detail/7883c3f1650f54391nFz3N--F1Y~.html]
2019-07-10 09:52:28,229[HTMLAnalysis:73][HTMLAnalysis:getNewUrl][INFO-解析到新的详情界面urlhttps://www.zhipin.com/job_detail/caad3baff883882f1HV43926ElE~.html]
2019-07-10 09:52:28,229[HTMLAnalysis:75][HTMLAnalysis:getNewUrl][INFO-getNewURL方法执行完毕]
2019-07-10 09:52:28,266[HTMLAnalysis:57][HTMLAnalysis:parse][INFO-解析职位列表页面html成功]
2019-07-10 09:52:28,267[URLManager:33][URLManager:addNewUrl][INFO-开始添加待爬取url]
2019-07-10 09:52:28,267[DataClass:45][DataClass:WriteCSV][INFO-准备将数据写入csv文件中]
2019-07-10 09:52:28,271[bossSpider:63][bossSpider:crawl][INFO-已经爬取了1个链接]
2019-07-10 09:52:28,271[bossSpider:46][bossSpider:crawl][INFO-开始爬取了]
2019-07-10 09:52:38,271[bossSpider:50][bossSpider:crawl][INFO-即将开始下载https://www.zhipin.com/job_detail/93aee47fdae20caa1HF43d-6GFc~.html的内容]
2019-07-10 09:52:38,710[HTMLDownload:31][HTMLDownload:download][INFO-下载html成功，对应url：https://www.zhipin.com/job_detail/93aee47fdae20caa1HF43d-6GFc~.html]
2019-07-10 09:52:39,127[HTMLAnalysis:120][HTMLAnalysis:parse][INFO-开始解析职位详情页面]
2019-07-10 09:52:39,189[HTMLAnalysis:137][HTMLAnalysis:getNewData][INFO-开始获取职位详情数据]
2019-07-10 09:55:18,092[DataClass:34][DataClass:csvHelper][INFO-向csv文件中写入标题]
2019-07-10 09:55:18,093[URLManager:33][URLManager:addNewUrl][INFO-开始添加待爬取url]
2019-07-10 09:55:18,093[bossSpider:43][bossSpider:crawl][INFO-添加根url成功，即将从根url开始爬取]
2019-07-10 09:55:18,093[bossSpider:46][bossSpider:crawl][INFO-开始爬取了]
2019-07-10 09:55:28,093[bossSpider:50][bossSpider:crawl][INFO-即将开始下载https://www.zhipin.com/c101280600/?query=python&page=1&ka=page-1的内容]
2019-07-10 09:55:28,409[HTMLDownload:31][HTMLDownload:download][INFO-下载html成功，对应url：https://www.zhipin.com/c101280600/?query=python&page=1&ka=page-1]
2019-07-10 09:55:29,005[HTMLAnalysis:53][HTMLAnalysis:parse][INFO-开始解析职位列表页面]
2019-07-10 09:55:29,093[HTMLAnalysis:67][HTMLAnalysis:getNewUrl][INFO-开始从职位列表页面解析新的url，即职位详情]
2019-07-10 09:55:29,111[HTMLAnalysis:73][HTMLAnalysis:getNewUrl][INFO-解析到新的详情界面urlhttps://www.zhipin.com/job_detail/34cf17a8b910ac871HZz2tq7F1o~.html]
2019-07-10 09:55:29,111[HTMLAnalysis:73][HTMLAnalysis:getNewUrl][INFO-解析到新的详情界面urlhttps://www.zhipin.com/job_detail/3c2016bbf8413f3b1XR63t-1FVI~.html]
2019-07-10 09:55:29,111[HTMLAnalysis:73][HTMLAnalysis:getNewUrl][INFO-解析到新的详情界面urlhttps://www.zhipin.com/job_detail/ad2877cd958976161HJ52dq5E1U~.html]
2019-07-10 09:55:29,112[HTMLAnalysis:73][HTMLAnalysis:getNewUrl][INFO-解析到新的详情界面urlhttps://www.zhipin.com/job_detail/63fa8905566064b01X162Nm0FlI~.html]
2019-07-10 09:55:29,112[HTMLAnalysis:73][HTMLAnalysis:getNewUrl][INFO-解析到新的详情界面urlhttps://www.zhipin.com/job_detail/3ff9677f5b1e170a1XJ83Nu-FFQ~.html]
2019-07-10 09:55:29,112[HTMLAnalysis:73][HTMLAnalysis:getNewUrl][INFO-解析到新的详情界面urlhttps://www.zhipin.com/job_detail/eec878b98a5938a01XJ72Nm-FVE~.html]
2019-07-10 09:55:29,112[HTMLAnalysis:73][HTMLAnalysis:getNewUrl][INFO-解析到新的详情界面urlhttps://www.zhipin.com/job_detail/9a98f4e0e7e1aa5d1HFy29q5E1U~.html]
2019-07-10 09:55:29,112[HTMLAnalysis:73][HTMLAnalysis:getNewUrl][INFO-解析到新的详情界面urlhttps://www.zhipin.com/job_detail/8c7e8925a460127d1H182d-7GFE~.html]
2019-07-10 09:55:29,113[HTMLAnalysis:73][HTMLAnalysis:getNewUrl][INFO-解析到新的详情界面urlhttps://www.zhipin.com/job_detail/6153b8131f10cf0a1HJ43928GFo~.html]
2019-07-10 09:55:29,113[HTMLAnalysis:73][HTMLAnalysis:getNewUrl][INFO-解析到新的详情界面urlhttps://www.zhipin.com/job_detail/26686fc3feab9e241HJ-3tW8E1A~.html]
2019-07-10 09:55:29,113[HTMLAnalysis:73][HTMLAnalysis:getNewUrl][INFO-解析到新的详情界面urlhttps://www.zhipin.com/job_detail/93aee47fdae20caa1HF43d-6GFc~.html]
2019-07-10 09:55:29,113[HTMLAnalysis:73][HTMLAnalysis:getNewUrl][INFO-解析到新的详情界面urlhttps://www.zhipin.com/job_detail/84c85801c1cafbb31XV509m4FVI~.html]
2019-07-10 09:55:29,113[HTMLAnalysis:73][HTMLAnalysis:getNewUrl][INFO-解析到新的详情界面urlhttps://www.zhipin.com/job_detail/b965dff80b551c411HZ829W8GFQ~.html]
2019-07-10 09:55:29,114[HTMLAnalysis:73][HTMLAnalysis:getNewUrl][INFO-解析到新的详情界面urlhttps://www.zhipin.com/job_detail/8f22653c8b3a9e691HB72du6EVQ~.html]
2019-07-10 09:55:29,114[HTMLAnalysis:73][HTMLAnalysis:getNewUrl][INFO-解析到新的详情界面urlhttps://www.zhipin.com/job_detail/b61f9c03ed52275b1HBz3NS7FVI~.html]
2019-07-10 09:55:29,114[HTMLAnalysis:73][HTMLAnalysis:getNewUrl][INFO-解析到新的详情界面urlhttps://www.zhipin.com/job_detail/773dab54c8fc42021XR_2d-9EVc~.html]
2019-07-10 09:55:29,114[HTMLAnalysis:73][HTMLAnalysis:getNewUrl][INFO-解析到新的详情界面urlhttps://www.zhipin.com/job_detail/42a48d5f342a3a7b1XZ42tq1FFo~.html]
2019-07-10 09:55:29,114[HTMLAnalysis:73][HTMLAnalysis:getNewUrl][INFO-解析到新的详情界面urlhttps://www.zhipin.com/job_detail/d2e31b4b1e0adff61XFz2ti8F1s~.html]
2019-07-10 09:55:29,115[HTMLAnalysis:73][HTMLAnalysis:getNewUrl][INFO-解析到新的详情界面urlhttps://www.zhipin.com/job_detail/ae2f4a3fc74b94cc1X1909y1F1U~.html]
2019-07-10 09:55:29,115[HTMLAnalysis:73][HTMLAnalysis:getNewUrl][INFO-解析到新的详情界面urlhttps://www.zhipin.com/job_detail/edee82d4901446271XB-2N2-F1E~.html]
2019-07-10 09:55:29,115[HTMLAnalysis:73][HTMLAnalysis:getNewUrl][INFO-解析到新的详情界面urlhttps://www.zhipin.com/job_detail/851866dde96f036a03V62dq1FVQ~.html]
2019-07-10 09:55:29,115[HTMLAnalysis:73][HTMLAnalysis:getNewUrl][INFO-解析到新的详情界面urlhttps://www.zhipin.com/job_detail/af1810418db81e101X193Nq4FlE~.html]
2019-07-10 09:55:29,115[HTMLAnalysis:73][HTMLAnalysis:getNewUrl][INFO-解析到新的详情界面urlhttps://www.zhipin.com/job_detail/fafb0fd45256ffe61HV93tq0E1o~.html]
2019-07-10 09:55:29,115[HTMLAnalysis:73][HTMLAnalysis:getNewUrl][INFO-解析到新的详情界面urlhttps://www.zhipin.com/job_detail/1f0c39d6088c263d1HN529S7F1E~.html]
2019-07-10 09:55:29,115[HTMLAnalysis:73][HTMLAnalysis:getNewUrl][INFO-解析到新的详情界面urlhttps://www.zhipin.com/job_detail/703cd8c5124a9b781XN72tm1GFI~.html]
2019-07-10 09:55:29,115[HTMLAnalysis:73][HTMLAnalysis:getNewUrl][INFO-解析到新的详情界面urlhttps://www.zhipin.com/job_detail/aaa714242e10e5551H182Ni7GFE~.html]
2019-07-10 09:55:29,115[HTMLAnalysis:73][HTMLAnalysis:getNewUrl][INFO-解析到新的详情界面urlhttps://www.zhipin.com/job_detail/7e40832127f4f36c1H1y0t25FVM~.html]
2019-07-10 09:55:29,115[HTMLAnalysis:73][HTMLAnalysis:getNewUrl][INFO-解析到新的详情界面urlhttps://www.zhipin.com/job_detail/fb4778768ff229e21nJ63N21F1c~.html]
2019-07-10 09:55:29,117[HTMLAnalysis:73][HTMLAnalysis:getNewUrl][INFO-解析到新的详情界面urlhttps://www.zhipin.com/job_detail/7883c3f1650f54391nFz3N--F1Y~.html]
2019-07-10 09:55:29,117[HTMLAnalysis:73][HTMLAnalysis:getNewUrl][INFO-解析到新的详情界面urlhttps://www.zhipin.com/job_detail/caad3baff883882f1HV43926ElE~.html]
2019-07-10 09:55:29,117[HTMLAnalysis:75][HTMLAnalysis:getNewUrl][INFO-getNewURL方法执行完毕]
2019-07-10 09:55:29,153[HTMLAnalysis:57][HTMLAnalysis:parse][INFO-解析职位列表页面html成功]
2019-07-10 09:55:29,153[URLManager:33][URLManager:addNewUrl][INFO-开始添加待爬取url]
2019-07-10 09:55:29,153[DataClass:45][DataClass:WriteCSV][INFO-准备将数据写入csv文件中]
2019-07-10 09:55:29,157[bossSpider:63][bossSpider:crawl][INFO-已经爬取了1个链接]
2019-07-10 09:55:29,157[bossSpider:46][bossSpider:crawl][INFO-开始爬取了]
2019-07-10 09:55:39,211[bossSpider:50][bossSpider:crawl][INFO-即将开始下载https://www.zhipin.com/job_detail/703cd8c5124a9b781XN72tm1GFI~.html的内容]
2019-07-10 09:55:39,660[HTMLDownload:31][HTMLDownload:download][INFO-下载html成功，对应url：https://www.zhipin.com/job_detail/703cd8c5124a9b781XN72tm1GFI~.html]
2019-07-10 09:55:40,348[HTMLAnalysis:120][HTMLAnalysis:parse][INFO-开始解析职位详情页面]
2019-07-10 09:55:40,406[HTMLAnalysis:137][HTMLAnalysis:getNewData][INFO-开始获取职位详情数据]
2019-07-10 09:55:40,412[HTMLAnalysis:141][HTMLAnalysis:getNewData][INFO-获取了职位详情数据1127114880]
2019-07-10 09:56:10,598[DataClass:34][DataClass:csvHelper][INFO-向csv文件中写入标题]
2019-07-10 09:56:10,599[URLManager:33][URLManager:addNewUrl][INFO-开始添加待爬取url]
2019-07-10 09:56:10,599[bossSpider:43][bossSpider:crawl][INFO-添加根url成功，即将从根url开始爬取]
2019-07-10 09:56:10,599[bossSpider:46][bossSpider:crawl][INFO-开始爬取了]
2019-07-10 09:56:20,599[bossSpider:50][bossSpider:crawl][INFO-即将开始下载https://www.zhipin.com/c101280600/?query=python&page=1&ka=page-1的内容]
2019-07-10 09:56:20,959[HTMLDownload:31][HTMLDownload:download][INFO-下载html成功，对应url：https://www.zhipin.com/c101280600/?query=python&page=1&ka=page-1]
2019-07-10 09:56:22,063[HTMLAnalysis:53][HTMLAnalysis:parse][INFO-开始解析职位列表页面]
2019-07-10 09:56:22,370[HTMLAnalysis:67][HTMLAnalysis:getNewUrl][INFO-开始从职位列表页面解析新的url，即职位详情]
2019-07-10 09:56:22,405[HTMLAnalysis:73][HTMLAnalysis:getNewUrl][INFO-解析到新的详情界面urlhttps://www.zhipin.com/job_detail/34cf17a8b910ac871HZz2tq7F1o~.html]
2019-07-10 09:56:22,406[HTMLAnalysis:73][HTMLAnalysis:getNewUrl][INFO-解析到新的详情界面urlhttps://www.zhipin.com/job_detail/3c2016bbf8413f3b1XR63t-1FVI~.html]
2019-07-10 09:56:22,406[HTMLAnalysis:73][HTMLAnalysis:getNewUrl][INFO-解析到新的详情界面urlhttps://www.zhipin.com/job_detail/ad2877cd958976161HJ52dq5E1U~.html]
2019-07-10 09:56:22,406[HTMLAnalysis:73][HTMLAnalysis:getNewUrl][INFO-解析到新的详情界面urlhttps://www.zhipin.com/job_detail/63fa8905566064b01X162Nm0FlI~.html]
2019-07-10 09:56:22,407[HTMLAnalysis:73][HTMLAnalysis:getNewUrl][INFO-解析到新的详情界面urlhttps://www.zhipin.com/job_detail/3ff9677f5b1e170a1XJ83Nu-FFQ~.html]
2019-07-10 09:56:22,407[HTMLAnalysis:73][HTMLAnalysis:getNewUrl][INFO-解析到新的详情界面urlhttps://www.zhipin.com/job_detail/eec878b98a5938a01XJ72Nm-FVE~.html]
2019-07-10 09:56:22,407[HTMLAnalysis:73][HTMLAnalysis:getNewUrl][INFO-解析到新的详情界面urlhttps://www.zhipin.com/job_detail/9a98f4e0e7e1aa5d1HFy29q5E1U~.html]
2019-07-10 09:56:22,408[HTMLAnalysis:73][HTMLAnalysis:getNewUrl][INFO-解析到新的详情界面urlhttps://www.zhipin.com/job_detail/8c7e8925a460127d1H182d-7GFE~.html]
2019-07-10 09:56:22,408[HTMLAnalysis:73][HTMLAnalysis:getNewUrl][INFO-解析到新的详情界面urlhttps://www.zhipin.com/job_detail/6153b8131f10cf0a1HJ43928GFo~.html]
2019-07-10 09:56:22,408[HTMLAnalysis:73][HTMLAnalysis:getNewUrl][INFO-解析到新的详情界面urlhttps://www.zhipin.com/job_detail/26686fc3feab9e241HJ-3tW8E1A~.html]
2019-07-10 09:56:22,408[HTMLAnalysis:73][HTMLAnalysis:getNewUrl][INFO-解析到新的详情界面urlhttps://www.zhipin.com/job_detail/93aee47fdae20caa1HF43d-6GFc~.html]
2019-07-10 09:56:22,410[HTMLAnalysis:73][HTMLAnalysis:getNewUrl][INFO-解析到新的详情界面urlhttps://www.zhipin.com/job_detail/84c85801c1cafbb31XV509m4FVI~.html]
2019-07-10 09:56:22,410[HTMLAnalysis:73][HTMLAnalysis:getNewUrl][INFO-解析到新的详情界面urlhttps://www.zhipin.com/job_detail/b965dff80b551c411HZ829W8GFQ~.html]
2019-07-10 09:56:22,411[HTMLAnalysis:73][HTMLAnalysis:getNewUrl][INFO-解析到新的详情界面urlhttps://www.zhipin.com/job_detail/8f22653c8b3a9e691HB72du6EVQ~.html]
2019-07-10 09:56:22,411[HTMLAnalysis:73][HTMLAnalysis:getNewUrl][INFO-解析到新的详情界面urlhttps://www.zhipin.com/job_detail/b61f9c03ed52275b1HBz3NS7FVI~.html]
2019-07-10 09:56:22,411[HTMLAnalysis:73][HTMLAnalysis:getNewUrl][INFO-解析到新的详情界面urlhttps://www.zhipin.com/job_detail/773dab54c8fc42021XR_2d-9EVc~.html]
2019-07-10 09:56:22,412[HTMLAnalysis:73][HTMLAnalysis:getNewUrl][INFO-解析到新的详情界面urlhttps://www.zhipin.com/job_detail/42a48d5f342a3a7b1XZ42tq1FFo~.html]
2019-07-10 09:56:22,412[HTMLAnalysis:73][HTMLAnalysis:getNewUrl][INFO-解析到新的详情界面urlhttps://www.zhipin.com/job_detail/d2e31b4b1e0adff61XFz2ti8F1s~.html]
2019-07-10 09:56:22,412[HTMLAnalysis:73][HTMLAnalysis:getNewUrl][INFO-解析到新的详情界面urlhttps://www.zhipin.com/job_detail/ae2f4a3fc74b94cc1X1909y1F1U~.html]
2019-07-10 09:56:22,412[HTMLAnalysis:73][HTMLAnalysis:getNewUrl][INFO-解析到新的详情界面urlhttps://www.zhipin.com/job_detail/edee82d4901446271XB-2N2-F1E~.html]
2019-07-10 09:56:22,413[HTMLAnalysis:73][HTMLAnalysis:getNewUrl][INFO-解析到新的详情界面urlhttps://www.zhipin.com/job_detail/851866dde96f036a03V62dq1FVQ~.html]
2019-07-10 09:56:22,413[HTMLAnalysis:73][HTMLAnalysis:getNewUrl][INFO-解析到新的详情界面urlhttps://www.zhipin.com/job_detail/af1810418db81e101X193Nq4FlE~.html]
2019-07-10 09:56:22,413[HTMLAnalysis:73][HTMLAnalysis:getNewUrl][INFO-解析到新的详情界面urlhttps://www.zhipin.com/job_detail/fafb0fd45256ffe61HV93tq0E1o~.html]
2019-07-10 09:56:22,413[HTMLAnalysis:73][HTMLAnalysis:getNewUrl][INFO-解析到新的详情界面urlhttps://www.zhipin.com/job_detail/1f0c39d6088c263d1HN529S7F1E~.html]
2019-07-10 09:56:22,414[HTMLAnalysis:73][HTMLAnalysis:getNewUrl][INFO-解析到新的详情界面urlhttps://www.zhipin.com/job_detail/703cd8c5124a9b781XN72tm1GFI~.html]
2019-07-10 09:56:22,414[HTMLAnalysis:73][HTMLAnalysis:getNewUrl][INFO-解析到新的详情界面urlhttps://www.zhipin.com/job_detail/aaa714242e10e5551H182Ni7GFE~.html]
2019-07-10 09:56:22,414[HTMLAnalysis:73][HTMLAnalysis:getNewUrl][INFO-解析到新的详情界面urlhttps://www.zhipin.com/job_detail/7e40832127f4f36c1H1y0t25FVM~.html]
2019-07-10 09:56:22,414[HTMLAnalysis:73][HTMLAnalysis:getNewUrl][INFO-解析到新的详情界面urlhttps://www.zhipin.com/job_detail/fb4778768ff229e21nJ63N21F1c~.html]
2019-07-10 09:56:22,415[HTMLAnalysis:73][HTMLAnalysis:getNewUrl][INFO-解析到新的详情界面urlhttps://www.zhipin.com/job_detail/7883c3f1650f54391nFz3N--F1Y~.html]
2019-07-10 09:56:22,415[HTMLAnalysis:73][HTMLAnalysis:getNewUrl][INFO-解析到新的详情界面urlhttps://www.zhipin.com/job_detail/caad3baff883882f1HV43926ElE~.html]
2019-07-10 09:56:22,415[HTMLAnalysis:75][HTMLAnalysis:getNewUrl][INFO-getNewURL方法执行完毕]
2019-07-10 09:56:22,486[HTMLAnalysis:57][HTMLAnalysis:parse][INFO-解析职位列表页面html成功]
2019-07-10 09:56:22,487[URLManager:33][URLManager:addNewUrl][INFO-开始添加待爬取url]
2019-07-10 09:56:22,487[DataClass:45][DataClass:WriteCSV][INFO-准备将数据写入csv文件中]
2019-07-10 09:56:22,494[bossSpider:63][bossSpider:crawl][INFO-已经爬取了1个链接]
2019-07-10 09:56:22,494[bossSpider:46][bossSpider:crawl][INFO-开始爬取了]
2019-07-10 09:56:32,494[bossSpider:50][bossSpider:crawl][INFO-即将开始下载https://www.zhipin.com/job_detail/fb4778768ff229e21nJ63N21F1c~.html的内容]
2019-07-10 09:56:32,926[HTMLDownload:31][HTMLDownload:download][INFO-下载html成功，对应url：https://www.zhipin.com/job_detail/fb4778768ff229e21nJ63N21F1c~.html]
2019-07-10 09:56:33,664[HTMLAnalysis:120][HTMLAnalysis:parse][INFO-开始解析职位详情页面]
2019-07-10 09:56:33,729[HTMLAnalysis:137][HTMLAnalysis:getNewData][INFO-开始获取职位详情数据]
2019-07-10 09:56:33,733[HTMLAnalysis:141][HTMLAnalysis:getNewData][INFO-获取了职位详情数据**27***16070875]
2019-07-10 10:31:15,180[DataClass:34][DataClass:csvHelper][INFO-向csv文件中写入标题]
2019-07-10 10:31:15,181[URLManager:33][URLManager:addNewUrl][INFO-开始添加待爬取url]
2019-07-10 10:31:15,181[bossSpider:43][bossSpider:crawl][INFO-添加根url成功，即将从根url开始爬取]
2019-07-10 10:31:15,181[bossSpider:46][bossSpider:crawl][INFO-开始爬取了]
2019-07-10 10:31:25,181[bossSpider:50][bossSpider:crawl][INFO-即将开始下载https://www.zhipin.com/c101280600/?query=python&page=1&ka=page-1的内容]
2019-07-10 10:31:25,513[HTMLDownload:31][HTMLDownload:download][INFO-下载html成功，对应url：https://www.zhipin.com/c101280600/?query=python&page=1&ka=page-1]
2019-07-10 10:31:26,179[HTMLAnalysis:53][HTMLAnalysis:parse][INFO-开始解析职位列表页面]
2019-07-10 10:31:26,260[HTMLAnalysis:67][HTMLAnalysis:getNewUrl][INFO-开始从职位列表页面解析新的url，即职位详情]
2019-07-10 10:31:26,277[HTMLAnalysis:73][HTMLAnalysis:getNewUrl][INFO-解析到新的详情界面urlhttps://www.zhipin.com/job_detail/34cf17a8b910ac871HZz2tq7F1o~.html]
2019-07-10 10:31:26,278[HTMLAnalysis:73][HTMLAnalysis:getNewUrl][INFO-解析到新的详情界面urlhttps://www.zhipin.com/job_detail/3c2016bbf8413f3b1XR63t-1FVI~.html]
2019-07-10 10:31:26,278[HTMLAnalysis:73][HTMLAnalysis:getNewUrl][INFO-解析到新的详情界面urlhttps://www.zhipin.com/job_detail/ad2877cd958976161HJ52dq5E1U~.html]
2019-07-10 10:31:26,278[HTMLAnalysis:73][HTMLAnalysis:getNewUrl][INFO-解析到新的详情界面urlhttps://www.zhipin.com/job_detail/63fa8905566064b01X162Nm0FlI~.html]
2019-07-10 10:31:26,278[HTMLAnalysis:73][HTMLAnalysis:getNewUrl][INFO-解析到新的详情界面urlhttps://www.zhipin.com/job_detail/3ff9677f5b1e170a1XJ83Nu-FFQ~.html]
2019-07-10 10:31:26,279[HTMLAnalysis:73][HTMLAnalysis:getNewUrl][INFO-解析到新的详情界面urlhttps://www.zhipin.com/job_detail/eec878b98a5938a01XJ72Nm-FVE~.html]
2019-07-10 10:31:26,279[HTMLAnalysis:73][HTMLAnalysis:getNewUrl][INFO-解析到新的详情界面urlhttps://www.zhipin.com/job_detail/9a98f4e0e7e1aa5d1HFy29q5E1U~.html]
2019-07-10 10:31:26,279[HTMLAnalysis:73][HTMLAnalysis:getNewUrl][INFO-解析到新的详情界面urlhttps://www.zhipin.com/job_detail/8c7e8925a460127d1H182d-7GFE~.html]
2019-07-10 10:31:26,279[HTMLAnalysis:73][HTMLAnalysis:getNewUrl][INFO-解析到新的详情界面urlhttps://www.zhipin.com/job_detail/6153b8131f10cf0a1HJ43928GFo~.html]
2019-07-10 10:31:26,279[HTMLAnalysis:73][HTMLAnalysis:getNewUrl][INFO-解析到新的详情界面urlhttps://www.zhipin.com/job_detail/26686fc3feab9e241HJ-3tW8E1A~.html]
2019-07-10 10:31:26,280[HTMLAnalysis:73][HTMLAnalysis:getNewUrl][INFO-解析到新的详情界面urlhttps://www.zhipin.com/job_detail/93aee47fdae20caa1HF43d-6GFc~.html]
2019-07-10 10:31:26,281[HTMLAnalysis:73][HTMLAnalysis:getNewUrl][INFO-解析到新的详情界面urlhttps://www.zhipin.com/job_detail/84c85801c1cafbb31XV509m4FVI~.html]
2019-07-10 10:31:26,281[HTMLAnalysis:73][HTMLAnalysis:getNewUrl][INFO-解析到新的详情界面urlhttps://www.zhipin.com/job_detail/b965dff80b551c411HZ829W8GFQ~.html]
2019-07-10 10:31:26,281[HTMLAnalysis:73][HTMLAnalysis:getNewUrl][INFO-解析到新的详情界面urlhttps://www.zhipin.com/job_detail/8f22653c8b3a9e691HB72du6EVQ~.html]
2019-07-10 10:31:26,281[HTMLAnalysis:73][HTMLAnalysis:getNewUrl][INFO-解析到新的详情界面urlhttps://www.zhipin.com/job_detail/b61f9c03ed52275b1HBz3NS7FVI~.html]
2019-07-10 10:31:26,281[HTMLAnalysis:73][HTMLAnalysis:getNewUrl][INFO-解析到新的详情界面urlhttps://www.zhipin.com/job_detail/773dab54c8fc42021XR_2d-9EVc~.html]
2019-07-10 10:31:26,281[HTMLAnalysis:73][HTMLAnalysis:getNewUrl][INFO-解析到新的详情界面urlhttps://www.zhipin.com/job_detail/42a48d5f342a3a7b1XZ42tq1FFo~.html]
2019-07-10 10:31:26,281[HTMLAnalysis:73][HTMLAnalysis:getNewUrl][INFO-解析到新的详情界面urlhttps://www.zhipin.com/job_detail/d2e31b4b1e0adff61XFz2ti8F1s~.html]
2019-07-10 10:31:26,281[HTMLAnalysis:73][HTMLAnalysis:getNewUrl][INFO-解析到新的详情界面urlhttps://www.zhipin.com/job_detail/ae2f4a3fc74b94cc1X1909y1F1U~.html]
2019-07-10 10:31:26,281[HTMLAnalysis:73][HTMLAnalysis:getNewUrl][INFO-解析到新的详情界面urlhttps://www.zhipin.com/job_detail/edee82d4901446271XB-2N2-F1E~.html]
2019-07-10 10:31:26,282[HTMLAnalysis:73][HTMLAnalysis:getNewUrl][INFO-解析到新的详情界面urlhttps://www.zhipin.com/job_detail/851866dde96f036a03V62dq1FVQ~.html]
2019-07-10 10:31:26,282[HTMLAnalysis:73][HTMLAnalysis:getNewUrl][INFO-解析到新的详情界面urlhttps://www.zhipin.com/job_detail/af1810418db81e101X193Nq4FlE~.html]
2019-07-10 10:31:26,282[HTMLAnalysis:73][HTMLAnalysis:getNewUrl][INFO-解析到新的详情界面urlhttps://www.zhipin.com/job_detail/fafb0fd45256ffe61HV93tq0E1o~.html]
2019-07-10 10:31:26,282[HTMLAnalysis:73][HTMLAnalysis:getNewUrl][INFO-解析到新的详情界面urlhttps://www.zhipin.com/job_detail/1f0c39d6088c263d1HN529S7F1E~.html]
2019-07-10 10:31:26,283[HTMLAnalysis:73][HTMLAnalysis:getNewUrl][INFO-解析到新的详情界面urlhttps://www.zhipin.com/job_detail/703cd8c5124a9b781XN72tm1GFI~.html]
2019-07-10 10:31:26,283[HTMLAnalysis:73][HTMLAnalysis:getNewUrl][INFO-解析到新的详情界面urlhttps://www.zhipin.com/job_detail/aaa714242e10e5551H182Ni7GFE~.html]
2019-07-10 10:31:26,283[HTMLAnalysis:73][HTMLAnalysis:getNewUrl][INFO-解析到新的详情界面urlhttps://www.zhipin.com/job_detail/7e40832127f4f36c1H1y0t25FVM~.html]
2019-07-10 10:31:26,283[HTMLAnalysis:73][HTMLAnalysis:getNewUrl][INFO-解析到新的详情界面urlhttps://www.zhipin.com/job_detail/fb4778768ff229e21nJ63N21F1c~.html]
2019-07-10 10:31:26,283[HTMLAnalysis:73][HTMLAnalysis:getNewUrl][INFO-解析到新的详情界面urlhttps://www.zhipin.com/job_detail/7883c3f1650f54391nFz3N--F1Y~.html]
2019-07-10 10:31:26,284[HTMLAnalysis:73][HTMLAnalysis:getNewUrl][INFO-解析到新的详情界面urlhttps://www.zhipin.com/job_detail/caad3baff883882f1HV43926ElE~.html]
2019-07-10 10:31:26,284[HTMLAnalysis:75][HTMLAnalysis:getNewUrl][INFO-getNewURL方法执行完毕]
2019-07-10 10:31:26,320[HTMLAnalysis:57][HTMLAnalysis:parse][INFO-解析职位列表页面html成功]
2019-07-10 10:31:26,320[URLManager:33][URLManager:addNewUrl][INFO-开始添加待爬取url]
2019-07-10 10:31:26,320[DataClass:45][DataClass:WriteCSV][INFO-准备将数据写入csv文件中]
2019-07-10 10:31:26,325[bossSpider:63][bossSpider:crawl][INFO-已经爬取了1个链接]
2019-07-10 10:31:26,325[bossSpider:46][bossSpider:crawl][INFO-开始爬取了]
2019-07-10 10:31:36,325[bossSpider:50][bossSpider:crawl][INFO-即将开始下载https://www.zhipin.com/job_detail/8c7e8925a460127d1H182d-7GFE~.html的内容]
2019-07-10 10:31:36,751[HTMLDownload:31][HTMLDownload:download][INFO-下载html成功，对应url：https://www.zhipin.com/job_detail/8c7e8925a460127d1H182d-7GFE~.html]
2019-07-10 10:31:37,161[HTMLAnalysis:120][HTMLAnalysis:parse][INFO-开始解析职位详情页面]
2019-07-10 10:31:37,223[HTMLAnalysis:137][HTMLAnalysis:getNewData][INFO-开始获取职位详情数据https://www.zhipin.com/job_detail/8c7e8925a460127d1H182d-7GFE~.html]
2019-07-10 10:31:37,228[HTMLAnalysis:141][HTMLAnalysis:getNewData][INFO-获取了职位详情数据**5***39622683]
2019-07-10 10:56:28,619[DataClass:34][DataClass:csvHelper][INFO-向csv文件中写入标题]
2019-07-10 10:56:28,620[URLManager:33][URLManager:addNewUrl][INFO-开始添加待爬取url]
2019-07-10 10:56:28,620[bossSpider:43][bossSpider:crawl][INFO-添加根url成功，即将从根url开始爬取]
2019-07-10 10:56:28,620[bossSpider:46][bossSpider:crawl][INFO-开始爬取了]
2019-07-10 10:56:38,620[bossSpider:50][bossSpider:crawl][INFO-即将开始下载https://www.zhipin.com/c101280600/?query=python&page=1&ka=page-1的内容]
2019-07-10 10:56:38,941[HTMLDownload:31][HTMLDownload:download][INFO-下载html成功，对应url：https://www.zhipin.com/c101280600/?query=python&page=1&ka=page-1]
2019-07-10 10:56:39,522[HTMLAnalysis:53][HTMLAnalysis:parse][INFO-开始解析职位列表页面]
2019-07-10 10:56:39,605[HTMLAnalysis:67][HTMLAnalysis:getNewUrl][INFO-开始从职位列表页面解析新的url，即职位详情]
2019-07-10 10:56:39,623[HTMLAnalysis:73][HTMLAnalysis:getNewUrl][INFO-解析到新的详情界面urlhttps://www.zhipin.com/job_detail/34cf17a8b910ac871HZz2tq7F1o~.html]
2019-07-10 10:56:39,623[HTMLAnalysis:73][HTMLAnalysis:getNewUrl][INFO-解析到新的详情界面urlhttps://www.zhipin.com/job_detail/3c2016bbf8413f3b1XR63t-1FVI~.html]
2019-07-10 10:56:39,624[HTMLAnalysis:73][HTMLAnalysis:getNewUrl][INFO-解析到新的详情界面urlhttps://www.zhipin.com/job_detail/ad2877cd958976161HJ52dq5E1U~.html]
2019-07-10 10:56:39,624[HTMLAnalysis:73][HTMLAnalysis:getNewUrl][INFO-解析到新的详情界面urlhttps://www.zhipin.com/job_detail/63fa8905566064b01X162Nm0FlI~.html]
2019-07-10 10:56:39,624[HTMLAnalysis:73][HTMLAnalysis:getNewUrl][INFO-解析到新的详情界面urlhttps://www.zhipin.com/job_detail/3ff9677f5b1e170a1XJ83Nu-FFQ~.html]
2019-07-10 10:56:39,624[HTMLAnalysis:73][HTMLAnalysis:getNewUrl][INFO-解析到新的详情界面urlhttps://www.zhipin.com/job_detail/eec878b98a5938a01XJ72Nm-FVE~.html]
2019-07-10 10:56:39,624[HTMLAnalysis:73][HTMLAnalysis:getNewUrl][INFO-解析到新的详情界面urlhttps://www.zhipin.com/job_detail/9a98f4e0e7e1aa5d1HFy29q5E1U~.html]
2019-07-10 10:56:39,625[HTMLAnalysis:73][HTMLAnalysis:getNewUrl][INFO-解析到新的详情界面urlhttps://www.zhipin.com/job_detail/8c7e8925a460127d1H182d-7GFE~.html]
2019-07-10 10:56:39,625[HTMLAnalysis:73][HTMLAnalysis:getNewUrl][INFO-解析到新的详情界面urlhttps://www.zhipin.com/job_detail/6153b8131f10cf0a1HJ43928GFo~.html]
2019-07-10 10:56:39,625[HTMLAnalysis:73][HTMLAnalysis:getNewUrl][INFO-解析到新的详情界面urlhttps://www.zhipin.com/job_detail/26686fc3feab9e241HJ-3tW8E1A~.html]
2019-07-10 10:56:39,625[HTMLAnalysis:73][HTMLAnalysis:getNewUrl][INFO-解析到新的详情界面urlhttps://www.zhipin.com/job_detail/93aee47fdae20caa1HF43d-6GFc~.html]
2019-07-10 10:56:39,625[HTMLAnalysis:73][HTMLAnalysis:getNewUrl][INFO-解析到新的详情界面urlhttps://www.zhipin.com/job_detail/84c85801c1cafbb31XV509m4FVI~.html]
2019-07-10 10:56:39,626[HTMLAnalysis:73][HTMLAnalysis:getNewUrl][INFO-解析到新的详情界面urlhttps://www.zhipin.com/job_detail/b965dff80b551c411HZ829W8GFQ~.html]
2019-07-10 10:56:39,626[HTMLAnalysis:73][HTMLAnalysis:getNewUrl][INFO-解析到新的详情界面urlhttps://www.zhipin.com/job_detail/8f22653c8b3a9e691HB72du6EVQ~.html]
2019-07-10 10:56:39,626[HTMLAnalysis:73][HTMLAnalysis:getNewUrl][INFO-解析到新的详情界面urlhttps://www.zhipin.com/job_detail/b61f9c03ed52275b1HBz3NS7FVI~.html]
2019-07-10 10:56:39,626[HTMLAnalysis:73][HTMLAnalysis:getNewUrl][INFO-解析到新的详情界面urlhttps://www.zhipin.com/job_detail/773dab54c8fc42021XR_2d-9EVc~.html]
2019-07-10 10:56:39,626[HTMLAnalysis:73][HTMLAnalysis:getNewUrl][INFO-解析到新的详情界面urlhttps://www.zhipin.com/job_detail/42a48d5f342a3a7b1XZ42tq1FFo~.html]
2019-07-10 10:56:39,627[HTMLAnalysis:73][HTMLAnalysis:getNewUrl][INFO-解析到新的详情界面urlhttps://www.zhipin.com/job_detail/d2e31b4b1e0adff61XFz2ti8F1s~.html]
2019-07-10 10:56:39,627[HTMLAnalysis:73][HTMLAnalysis:getNewUrl][INFO-解析到新的详情界面urlhttps://www.zhipin.com/job_detail/ae2f4a3fc74b94cc1X1909y1F1U~.html]
2019-07-10 10:56:39,627[HTMLAnalysis:73][HTMLAnalysis:getNewUrl][INFO-解析到新的详情界面urlhttps://www.zhipin.com/job_detail/edee82d4901446271XB-2N2-F1E~.html]
2019-07-10 10:56:39,627[HTMLAnalysis:73][HTMLAnalysis:getNewUrl][INFO-解析到新的详情界面urlhttps://www.zhipin.com/job_detail/851866dde96f036a03V62dq1FVQ~.html]
2019-07-10 10:56:39,627[HTMLAnalysis:73][HTMLAnalysis:getNewUrl][INFO-解析到新的详情界面urlhttps://www.zhipin.com/job_detail/af1810418db81e101X193Nq4FlE~.html]
2019-07-10 10:56:39,628[HTMLAnalysis:73][HTMLAnalysis:getNewUrl][INFO-解析到新的详情界面urlhttps://www.zhipin.com/job_detail/fafb0fd45256ffe61HV93tq0E1o~.html]
2019-07-10 10:56:39,628[HTMLAnalysis:73][HTMLAnalysis:getNewUrl][INFO-解析到新的详情界面urlhttps://www.zhipin.com/job_detail/1f0c39d6088c263d1HN529S7F1E~.html]
2019-07-10 10:56:39,628[HTMLAnalysis:73][HTMLAnalysis:getNewUrl][INFO-解析到新的详情界面urlhttps://www.zhipin.com/job_detail/703cd8c5124a9b781XN72tm1GFI~.html]
2019-07-10 10:56:39,628[HTMLAnalysis:73][HTMLAnalysis:getNewUrl][INFO-解析到新的详情界面urlhttps://www.zhipin.com/job_detail/aaa714242e10e5551H182Ni7GFE~.html]
2019-07-10 10:56:39,629[HTMLAnalysis:73][HTMLAnalysis:getNewUrl][INFO-解析到新的详情界面urlhttps://www.zhipin.com/job_detail/7e40832127f4f36c1H1y0t25FVM~.html]
2019-07-10 10:56:39,629[HTMLAnalysis:73][HTMLAnalysis:getNewUrl][INFO-解析到新的详情界面urlhttps://www.zhipin.com/job_detail/fb4778768ff229e21nJ63N21F1c~.html]
2019-07-10 10:56:39,629[HTMLAnalysis:73][HTMLAnalysis:getNewUrl][INFO-解析到新的详情界面urlhttps://www.zhipin.com/job_detail/7883c3f1650f54391nFz3N--F1Y~.html]
2019-07-10 10:56:39,629[HTMLAnalysis:73][HTMLAnalysis:getNewUrl][INFO-解析到新的详情界面urlhttps://www.zhipin.com/job_detail/caad3baff883882f1HV43926ElE~.html]
2019-07-10 10:56:39,629[HTMLAnalysis:75][HTMLAnalysis:getNewUrl][INFO-getNewURL方法执行完毕]
2019-07-10 10:56:39,675[HTMLAnalysis:57][HTMLAnalysis:parse][INFO-解析职位列表页面html成功]
2019-07-10 10:56:39,675[URLManager:33][URLManager:addNewUrl][INFO-开始添加待爬取url]
2019-07-10 10:56:39,675[DataClass:45][DataClass:WriteCSV][INFO-准备将数据写入csv文件中]
2019-07-10 10:56:39,680[bossSpider:63][bossSpider:crawl][INFO-已经爬取了1个链接]
2019-07-10 10:56:39,680[bossSpider:46][bossSpider:crawl][INFO-开始爬取了]
2019-07-10 10:56:49,680[bossSpider:50][bossSpider:crawl][INFO-即将开始下载https://www.zhipin.com/job_detail/b61f9c03ed52275b1HBz3NS7FVI~.html的内容]
2019-07-10 10:56:50,071[HTMLDownload:31][HTMLDownload:download][INFO-下载html成功，对应url：https://www.zhipin.com/job_detail/b61f9c03ed52275b1HBz3NS7FVI~.html]
2019-07-10 10:56:50,503[HTMLAnalysis:120][HTMLAnalysis:parse][INFO-开始解析职位详情页面]
2019-07-10 10:56:50,568[HTMLAnalysis:137][HTMLAnalysis:getNewData][INFO-开始获取职位详情数据https://www.zhipin.com/job_detail/b61f9c03ed52275b1HBz3NS7FVI~.html]
2019-07-10 10:56:50,573[HTMLAnalysis:141][HTMLAnalysis:getNewData][INFO-获取了职位详情数据**25***34979650]
2019-07-10 11:16:19,549[DataClass:34][DataClass:csvHelper][INFO-向csv文件中写入标题]
2019-07-10 11:16:19,549[URLManager:33][URLManager:addNewUrl][INFO-开始添加待爬取url]
2019-07-10 11:16:19,549[bossSpider:43][bossSpider:crawl][INFO-添加根url成功，即将从根url开始爬取]
2019-07-10 11:16:19,549[bossSpider:46][bossSpider:crawl][INFO-开始爬取了]
2019-07-10 11:16:29,550[bossSpider:50][bossSpider:crawl][INFO-即将开始下载https://www.zhipin.com/c101280600/?query=python&page=1&ka=page-1的内容]
2019-07-10 11:16:29,863[HTMLDownload:31][HTMLDownload:download][INFO-下载html成功，对应url：https://www.zhipin.com/c101280600/?query=python&page=1&ka=page-1]
2019-07-10 11:16:30,471[HTMLAnalysis:53][HTMLAnalysis:parse][INFO-开始解析职位列表页面]
2019-07-10 11:16:30,556[HTMLAnalysis:67][HTMLAnalysis:getNewUrl][INFO-开始从职位列表页面解析新的url，即职位详情]
2019-07-10 11:16:30,573[HTMLAnalysis:73][HTMLAnalysis:getNewUrl][INFO-解析到新的详情界面urlhttps://www.zhipin.com/job_detail/34cf17a8b910ac871HZz2tq7F1o~.html]
2019-07-10 11:16:30,574[HTMLAnalysis:73][HTMLAnalysis:getNewUrl][INFO-解析到新的详情界面urlhttps://www.zhipin.com/job_detail/3c2016bbf8413f3b1XR63t-1FVI~.html]
2019-07-10 11:16:30,574[HTMLAnalysis:73][HTMLAnalysis:getNewUrl][INFO-解析到新的详情界面urlhttps://www.zhipin.com/job_detail/ad2877cd958976161HJ52dq5E1U~.html]
2019-07-10 11:16:30,574[HTMLAnalysis:73][HTMLAnalysis:getNewUrl][INFO-解析到新的详情界面urlhttps://www.zhipin.com/job_detail/63fa8905566064b01X162Nm0FlI~.html]
2019-07-10 11:16:30,574[HTMLAnalysis:73][HTMLAnalysis:getNewUrl][INFO-解析到新的详情界面urlhttps://www.zhipin.com/job_detail/3ff9677f5b1e170a1XJ83Nu-FFQ~.html]
2019-07-10 11:16:30,575[HTMLAnalysis:73][HTMLAnalysis:getNewUrl][INFO-解析到新的详情界面urlhttps://www.zhipin.com/job_detail/eec878b98a5938a01XJ72Nm-FVE~.html]
2019-07-10 11:16:30,575[HTMLAnalysis:73][HTMLAnalysis:getNewUrl][INFO-解析到新的详情界面urlhttps://www.zhipin.com/job_detail/9a98f4e0e7e1aa5d1HFy29q5E1U~.html]
2019-07-10 11:16:30,575[HTMLAnalysis:73][HTMLAnalysis:getNewUrl][INFO-解析到新的详情界面urlhttps://www.zhipin.com/job_detail/8c7e8925a460127d1H182d-7GFE~.html]
2019-07-10 11:16:30,575[HTMLAnalysis:73][HTMLAnalysis:getNewUrl][INFO-解析到新的详情界面urlhttps://www.zhipin.com/job_detail/6153b8131f10cf0a1HJ43928GFo~.html]
2019-07-10 11:16:30,575[HTMLAnalysis:73][HTMLAnalysis:getNewUrl][INFO-解析到新的详情界面urlhttps://www.zhipin.com/job_detail/26686fc3feab9e241HJ-3tW8E1A~.html]
2019-07-10 11:16:30,576[HTMLAnalysis:73][HTMLAnalysis:getNewUrl][INFO-解析到新的详情界面urlhttps://www.zhipin.com/job_detail/93aee47fdae20caa1HF43d-6GFc~.html]
2019-07-10 11:16:30,576[HTMLAnalysis:73][HTMLAnalysis:getNewUrl][INFO-解析到新的详情界面urlhttps://www.zhipin.com/job_detail/84c85801c1cafbb31XV509m4FVI~.html]
2019-07-10 11:16:30,576[HTMLAnalysis:73][HTMLAnalysis:getNewUrl][INFO-解析到新的详情界面urlhttps://www.zhipin.com/job_detail/b965dff80b551c411HZ829W8GFQ~.html]
2019-07-10 11:16:30,576[HTMLAnalysis:73][HTMLAnalysis:getNewUrl][INFO-解析到新的详情界面urlhttps://www.zhipin.com/job_detail/8f22653c8b3a9e691HB72du6EVQ~.html]
2019-07-10 11:16:30,577[HTMLAnalysis:73][HTMLAnalysis:getNewUrl][INFO-解析到新的详情界面urlhttps://www.zhipin.com/job_detail/b61f9c03ed52275b1HBz3NS7FVI~.html]
2019-07-10 11:16:30,577[HTMLAnalysis:73][HTMLAnalysis:getNewUrl][INFO-解析到新的详情界面urlhttps://www.zhipin.com/job_detail/773dab54c8fc42021XR_2d-9EVc~.html]
2019-07-10 11:16:30,577[HTMLAnalysis:73][HTMLAnalysis:getNewUrl][INFO-解析到新的详情界面urlhttps://www.zhipin.com/job_detail/42a48d5f342a3a7b1XZ42tq1FFo~.html]
2019-07-10 11:16:30,577[HTMLAnalysis:73][HTMLAnalysis:getNewUrl][INFO-解析到新的详情界面urlhttps://www.zhipin.com/job_detail/d2e31b4b1e0adff61XFz2ti8F1s~.html]
2019-07-10 11:16:30,577[HTMLAnalysis:73][HTMLAnalysis:getNewUrl][INFO-解析到新的详情界面urlhttps://www.zhipin.com/job_detail/ae2f4a3fc74b94cc1X1909y1F1U~.html]
2019-07-10 11:16:30,577[HTMLAnalysis:73][HTMLAnalysis:getNewUrl][INFO-解析到新的详情界面urlhttps://www.zhipin.com/job_detail/edee82d4901446271XB-2N2-F1E~.html]
2019-07-10 11:16:30,578[HTMLAnalysis:73][HTMLAnalysis:getNewUrl][INFO-解析到新的详情界面urlhttps://www.zhipin.com/job_detail/851866dde96f036a03V62dq1FVQ~.html]
2019-07-10 11:16:30,578[HTMLAnalysis:73][HTMLAnalysis:getNewUrl][INFO-解析到新的详情界面urlhttps://www.zhipin.com/job_detail/af1810418db81e101X193Nq4FlE~.html]
2019-07-10 11:16:30,578[HTMLAnalysis:73][HTMLAnalysis:getNewUrl][INFO-解析到新的详情界面urlhttps://www.zhipin.com/job_detail/fafb0fd45256ffe61HV93tq0E1o~.html]
2019-07-10 11:16:30,578[HTMLAnalysis:73][HTMLAnalysis:getNewUrl][INFO-解析到新的详情界面urlhttps://www.zhipin.com/job_detail/1f0c39d6088c263d1HN529S7F1E~.html]
2019-07-10 11:16:30,578[HTMLAnalysis:73][HTMLAnalysis:getNewUrl][INFO-解析到新的详情界面urlhttps://www.zhipin.com/job_detail/703cd8c5124a9b781XN72tm1GFI~.html]
2019-07-10 11:16:30,579[HTMLAnalysis:73][HTMLAnalysis:getNewUrl][INFO-解析到新的详情界面urlhttps://www.zhipin.com/job_detail/aaa714242e10e5551H182Ni7GFE~.html]
2019-07-10 11:16:30,579[HTMLAnalysis:73][HTMLAnalysis:getNewUrl][INFO-解析到新的详情界面urlhttps://www.zhipin.com/job_detail/7e40832127f4f36c1H1y0t25FVM~.html]
2019-07-10 11:16:30,579[HTMLAnalysis:73][HTMLAnalysis:getNewUrl][INFO-解析到新的详情界面urlhttps://www.zhipin.com/job_detail/fb4778768ff229e21nJ63N21F1c~.html]
2019-07-10 11:16:30,579[HTMLAnalysis:73][HTMLAnalysis:getNewUrl][INFO-解析到新的详情界面urlhttps://www.zhipin.com/job_detail/7883c3f1650f54391nFz3N--F1Y~.html]
2019-07-10 11:16:30,579[HTMLAnalysis:73][HTMLAnalysis:getNewUrl][INFO-解析到新的详情界面urlhttps://www.zhipin.com/job_detail/caad3baff883882f1HV43926ElE~.html]
2019-07-10 11:16:30,579[HTMLAnalysis:75][HTMLAnalysis:getNewUrl][INFO-getNewURL方法执行完毕]
2019-07-10 11:16:30,616[HTMLAnalysis:57][HTMLAnalysis:parse][INFO-解析职位列表页面html成功]
2019-07-10 11:16:30,616[URLManager:33][URLManager:addNewUrl][INFO-开始添加待爬取url]
2019-07-10 11:16:30,616[DataClass:45][DataClass:WriteCSV][INFO-准备将数据写入csv文件中]
2019-07-10 11:16:30,621[bossSpider:63][bossSpider:crawl][INFO-已经爬取了1个链接]
2019-07-10 11:16:30,621[bossSpider:46][bossSpider:crawl][INFO-开始爬取了]
2019-07-10 11:16:40,622[bossSpider:50][bossSpider:crawl][INFO-即将开始下载https://www.zhipin.com/job_detail/b61f9c03ed52275b1HBz3NS7FVI~.html的内容]
2019-07-10 11:16:40,997[HTMLDownload:31][HTMLDownload:download][INFO-下载html成功，对应url：https://www.zhipin.com/job_detail/b61f9c03ed52275b1HBz3NS7FVI~.html]
2019-07-10 11:16:41,444[HTMLAnalysis:120][HTMLAnalysis:parse][INFO-开始解析职位详情页面]
2019-07-10 11:16:41,519[HTMLAnalysis:137][HTMLAnalysis:getNewData][INFO-开始获取职位详情数据https://www.zhipin.com/job_detail/b61f9c03ed52275b1HBz3NS7FVI~.html]
2019-07-10 11:16:41,524[HTMLAnalysis:141][HTMLAnalysis:getNewData][INFO-获取了职位详情数据**25***34979650]
2019-07-10 11:16:41,525[HTMLAnalysis:124][HTMLAnalysis:parse][INFO-解析职位详情页面html成功]
2019-07-10 11:16:41,525[URLManager:33][URLManager:addNewUrl][INFO-开始添加待爬取url]
2019-07-10 11:16:41,525[DataClass:45][DataClass:WriteCSV][INFO-准备将数据写入csv文件中]
2019-07-10 11:16:41,530[bossSpider:63][bossSpider:crawl][INFO-已经爬取了2个链接]
2019-07-10 11:16:41,530[bossSpider:46][bossSpider:crawl][INFO-开始爬取了]
2019-07-10 11:16:51,531[bossSpider:50][bossSpider:crawl][INFO-即将开始下载https://www.zhipin.com/job_detail/773dab54c8fc42021XR_2d-9EVc~.html的内容]
2019-07-10 11:16:51,991[HTMLDownload:31][HTMLDownload:download][INFO-下载html成功，对应url：https://www.zhipin.com/job_detail/773dab54c8fc42021XR_2d-9EVc~.html]
2019-07-10 11:16:52,539[HTMLAnalysis:120][HTMLAnalysis:parse][INFO-开始解析职位详情页面]
2019-07-10 11:16:52,620[HTMLAnalysis:137][HTMLAnalysis:getNewData][INFO-开始获取职位详情数据https://www.zhipin.com/job_detail/773dab54c8fc42021XR_2d-9EVc~.html]
2019-07-10 11:16:52,625[HTMLAnalysis:141][HTMLAnalysis:getNewData][INFO-获取了职位详情数据**23***20522015]
2019-07-10 11:16:52,625[HTMLAnalysis:124][HTMLAnalysis:parse][INFO-解析职位详情页面html成功]
2019-07-10 11:16:52,625[URLManager:33][URLManager:addNewUrl][INFO-开始添加待爬取url]
2019-07-10 11:16:52,625[DataClass:45][DataClass:WriteCSV][INFO-准备将数据写入csv文件中]
2019-07-10 11:16:52,631[bossSpider:63][bossSpider:crawl][INFO-已经爬取了3个链接]
2019-07-10 11:16:52,631[bossSpider:46][bossSpider:crawl][INFO-开始爬取了]
2019-07-10 11:17:02,632[bossSpider:50][bossSpider:crawl][INFO-即将开始下载https://www.zhipin.com/job_detail/8c7e8925a460127d1H182d-7GFE~.html的内容]
2019-07-10 11:17:03,043[HTMLDownload:31][HTMLDownload:download][INFO-下载html成功，对应url：https://www.zhipin.com/job_detail/8c7e8925a460127d1H182d-7GFE~.html]
2019-07-10 11:17:03,465[HTMLAnalysis:120][HTMLAnalysis:parse][INFO-开始解析职位详情页面]
2019-07-10 11:17:03,531[HTMLAnalysis:137][HTMLAnalysis:getNewData][INFO-开始获取职位详情数据https://www.zhipin.com/job_detail/8c7e8925a460127d1H182d-7GFE~.html]
2019-07-10 11:17:03,536[HTMLAnalysis:141][HTMLAnalysis:getNewData][INFO-获取了职位详情数据**5***39622683]
2019-07-10 11:17:03,536[HTMLAnalysis:124][HTMLAnalysis:parse][INFO-解析职位详情页面html成功]
2019-07-10 11:17:03,536[URLManager:33][URLManager:addNewUrl][INFO-开始添加待爬取url]
2019-07-10 11:17:03,537[DataClass:45][DataClass:WriteCSV][INFO-准备将数据写入csv文件中]
2019-07-10 11:17:03,543[bossSpider:63][bossSpider:crawl][INFO-已经爬取了4个链接]
2019-07-10 11:17:03,543[bossSpider:46][bossSpider:crawl][INFO-开始爬取了]
2019-07-10 11:17:13,544[bossSpider:50][bossSpider:crawl][INFO-即将开始下载https://www.zhipin.com/job_detail/ae2f4a3fc74b94cc1X1909y1F1U~.html的内容]
2019-07-10 11:17:13,968[HTMLDownload:31][HTMLDownload:download][INFO-下载html成功，对应url：https://www.zhipin.com/job_detail/ae2f4a3fc74b94cc1X1909y1F1U~.html]
2019-07-10 11:17:14,380[HTMLAnalysis:120][HTMLAnalysis:parse][INFO-开始解析职位详情页面]
2019-07-10 11:17:14,439[HTMLAnalysis:137][HTMLAnalysis:getNewData][INFO-开始获取职位详情数据https://www.zhipin.com/job_detail/ae2f4a3fc74b94cc1X1909y1F1U~.html]
2019-07-10 11:17:14,443[HTMLAnalysis:141][HTMLAnalysis:getNewData][INFO-获取了职位详情数据**19***29781877]
2019-07-10 11:17:14,443[HTMLAnalysis:124][HTMLAnalysis:parse][INFO-解析职位详情页面html成功]
2019-07-10 11:17:14,443[URLManager:33][URLManager:addNewUrl][INFO-开始添加待爬取url]
2019-07-10 11:17:14,444[DataClass:45][DataClass:WriteCSV][INFO-准备将数据写入csv文件中]
2019-07-10 11:17:14,450[bossSpider:63][bossSpider:crawl][INFO-已经爬取了5个链接]
2019-07-10 11:17:14,450[bossSpider:46][bossSpider:crawl][INFO-开始爬取了]
2019-07-10 11:17:24,450[bossSpider:50][bossSpider:crawl][INFO-即将开始下载https://www.zhipin.com/job_detail/caad3baff883882f1HV43926ElE~.html的内容]
2019-07-10 11:17:24,902[HTMLDownload:31][HTMLDownload:download][INFO-下载html成功，对应url：https://www.zhipin.com/job_detail/caad3baff883882f1HV43926ElE~.html]
2019-07-10 11:17:25,378[HTMLAnalysis:120][HTMLAnalysis:parse][INFO-开始解析职位详情页面]
2019-07-10 11:17:25,439[HTMLAnalysis:137][HTMLAnalysis:getNewData][INFO-开始获取职位详情数据https://www.zhipin.com/job_detail/caad3baff883882f1HV43926ElE~.html]
2019-07-10 11:17:25,444[HTMLAnalysis:141][HTMLAnalysis:getNewData][INFO-获取了职位详情数据**21***31240723]
2019-07-10 11:17:25,444[HTMLAnalysis:124][HTMLAnalysis:parse][INFO-解析职位详情页面html成功]
2019-07-10 11:17:25,444[URLManager:33][URLManager:addNewUrl][INFO-开始添加待爬取url]
2019-07-10 11:17:25,444[DataClass:45][DataClass:WriteCSV][INFO-准备将数据写入csv文件中]
2019-07-10 11:17:25,450[bossSpider:63][bossSpider:crawl][INFO-已经爬取了6个链接]
2019-07-10 11:17:25,450[bossSpider:46][bossSpider:crawl][INFO-开始爬取了]
2019-07-10 11:17:35,450[bossSpider:50][bossSpider:crawl][INFO-即将开始下载https://www.zhipin.com/job_detail/851866dde96f036a03V62dq1FVQ~.html的内容]
2019-07-10 11:17:35,962[HTMLDownload:31][HTMLDownload:download][INFO-下载html成功，对应url：https://www.zhipin.com/job_detail/851866dde96f036a03V62dq1FVQ~.html]
2019-07-10 11:17:36,393[HTMLAnalysis:120][HTMLAnalysis:parse][INFO-开始解析职位详情页面]
2019-07-10 11:17:36,491[HTMLAnalysis:137][HTMLAnalysis:getNewData][INFO-开始获取职位详情数据https://www.zhipin.com/job_detail/851866dde96f036a03V62dq1FVQ~.html]
2019-07-10 11:17:36,500[HTMLAnalysis:141][HTMLAnalysis:getNewData][INFO-获取了职位详情数据**25***41027856]
2019-07-10 11:17:36,500[HTMLAnalysis:124][HTMLAnalysis:parse][INFO-解析职位详情页面html成功]
2019-07-10 11:17:36,500[URLManager:33][URLManager:addNewUrl][INFO-开始添加待爬取url]
2019-07-10 11:17:36,500[DataClass:45][DataClass:WriteCSV][INFO-准备将数据写入csv文件中]
2019-07-10 11:17:36,507[bossSpider:63][bossSpider:crawl][INFO-已经爬取了7个链接]
2019-07-10 11:17:36,510[bossSpider:46][bossSpider:crawl][INFO-开始爬取了]
2019-07-10 11:17:46,512[bossSpider:50][bossSpider:crawl][INFO-即将开始下载https://www.zhipin.com/job_detail/9a98f4e0e7e1aa5d1HFy29q5E1U~.html的内容]
2019-07-10 11:17:46,898[HTMLDownload:31][HTMLDownload:download][INFO-下载html成功，对应url：https://www.zhipin.com/job_detail/9a98f4e0e7e1aa5d1HFy29q5E1U~.html]
2019-07-10 11:17:47,331[HTMLAnalysis:120][HTMLAnalysis:parse][INFO-开始解析职位详情页面]
2019-07-10 11:17:47,395[HTMLAnalysis:137][HTMLAnalysis:getNewData][INFO-开始获取职位详情数据https://www.zhipin.com/job_detail/9a98f4e0e7e1aa5d1HFy29q5E1U~.html]
2019-07-10 11:17:47,399[HTMLAnalysis:141][HTMLAnalysis:getNewData][INFO-获取了职位详情数据**19***35807437]
2019-07-10 11:17:47,399[HTMLAnalysis:124][HTMLAnalysis:parse][INFO-解析职位详情页面html成功]
2019-07-10 11:17:47,399[URLManager:33][URLManager:addNewUrl][INFO-开始添加待爬取url]
2019-07-10 11:17:47,399[DataClass:45][DataClass:WriteCSV][INFO-准备将数据写入csv文件中]
2019-07-10 11:17:47,406[bossSpider:63][bossSpider:crawl][INFO-已经爬取了8个链接]
2019-07-10 11:17:47,407[bossSpider:46][bossSpider:crawl][INFO-开始爬取了]
2019-07-10 11:17:57,408[bossSpider:50][bossSpider:crawl][INFO-即将开始下载https://www.zhipin.com/job_detail/1f0c39d6088c263d1HN529S7F1E~.html的内容]
2019-07-10 11:17:57,887[HTMLDownload:31][HTMLDownload:download][INFO-下载html成功，对应url：https://www.zhipin.com/job_detail/1f0c39d6088c263d1HN529S7F1E~.html]
2019-07-10 11:17:58,325[HTMLAnalysis:120][HTMLAnalysis:parse][INFO-开始解析职位详情页面]
2019-07-10 11:17:58,417[HTMLAnalysis:137][HTMLAnalysis:getNewData][INFO-开始获取职位详情数据https://www.zhipin.com/job_detail/1f0c39d6088c263d1HN529S7F1E~.html]
2019-07-10 11:17:58,423[HTMLAnalysis:141][HTMLAnalysis:getNewData][INFO-获取了职位详情数据**13***37309673]
2019-07-10 11:17:58,423[HTMLAnalysis:124][HTMLAnalysis:parse][INFO-解析职位详情页面html成功]
2019-07-10 11:17:58,423[URLManager:33][URLManager:addNewUrl][INFO-开始添加待爬取url]
2019-07-10 11:17:58,423[DataClass:45][DataClass:WriteCSV][INFO-准备将数据写入csv文件中]
2019-07-10 11:17:58,432[bossSpider:63][bossSpider:crawl][INFO-已经爬取了9个链接]
2019-07-10 11:17:58,432[bossSpider:46][bossSpider:crawl][INFO-开始爬取了]
2019-07-10 11:18:08,432[bossSpider:50][bossSpider:crawl][INFO-即将开始下载https://www.zhipin.com/job_detail/26686fc3feab9e241HJ-3tW8E1A~.html的内容]
2019-07-10 11:18:08,863[HTMLDownload:31][HTMLDownload:download][INFO-下载html成功，对应url：https://www.zhipin.com/job_detail/26686fc3feab9e241HJ-3tW8E1A~.html]
2019-07-10 11:18:09,281[HTMLAnalysis:120][HTMLAnalysis:parse][INFO-开始解析职位详情页面]
2019-07-10 11:18:09,340[HTMLAnalysis:137][HTMLAnalysis:getNewData][INFO-开始获取职位详情数据https://www.zhipin.com/job_detail/26686fc3feab9e241HJ-3tW8E1A~.html]
2019-07-10 11:18:09,345[HTMLAnalysis:141][HTMLAnalysis:getNewData][INFO-获取了职位详情数据**35***36458132]
2019-07-10 11:18:09,345[HTMLAnalysis:124][HTMLAnalysis:parse][INFO-解析职位详情页面html成功]
2019-07-10 11:18:09,345[URLManager:33][URLManager:addNewUrl][INFO-开始添加待爬取url]
2019-07-10 11:18:09,345[DataClass:45][DataClass:WriteCSV][INFO-准备将数据写入csv文件中]
2019-07-10 11:18:09,354[bossSpider:63][bossSpider:crawl][INFO-已经爬取了10个链接]
2019-07-10 11:18:09,354[bossSpider:46][bossSpider:crawl][INFO-开始爬取了]
2019-07-10 11:18:19,354[bossSpider:50][bossSpider:crawl][INFO-即将开始下载https://www.zhipin.com/job_detail/703cd8c5124a9b781XN72tm1GFI~.html的内容]
2019-07-10 11:18:19,822[HTMLDownload:31][HTMLDownload:download][INFO-下载html成功，对应url：https://www.zhipin.com/job_detail/703cd8c5124a9b781XN72tm1GFI~.html]
2019-07-10 11:18:20,759[HTMLAnalysis:120][HTMLAnalysis:parse][INFO-开始解析职位详情页面]
2019-07-10 11:18:20,844[HTMLAnalysis:137][HTMLAnalysis:getNewData][INFO-开始获取职位详情数据https://www.zhipin.com/job_detail/703cd8c5124a9b781XN72tm1GFI~.html]
2019-07-10 11:18:20,855[HTMLAnalysis:141][HTMLAnalysis:getNewData][INFO-获取了职位详情数据**11***27114880]
2019-07-10 11:18:20,855[HTMLAnalysis:124][HTMLAnalysis:parse][INFO-解析职位详情页面html成功]
2019-07-10 11:18:20,855[URLManager:33][URLManager:addNewUrl][INFO-开始添加待爬取url]
2019-07-10 11:18:20,855[DataClass:45][DataClass:WriteCSV][INFO-准备将数据写入csv文件中]
2019-07-10 11:18:20,869[bossSpider:63][bossSpider:crawl][INFO-已经爬取了11个链接]
2019-07-10 11:18:20,869[bossSpider:46][bossSpider:crawl][INFO-开始爬取了]
2019-07-10 11:18:30,870[bossSpider:50][bossSpider:crawl][INFO-即将开始下载https://www.zhipin.com/job_detail/42a48d5f342a3a7b1XZ42tq1FFo~.html的内容]
2019-07-10 11:18:31,286[HTMLDownload:31][HTMLDownload:download][INFO-下载html成功，对应url：https://www.zhipin.com/job_detail/42a48d5f342a3a7b1XZ42tq1FFo~.html]
2019-07-10 11:18:31,769[HTMLAnalysis:120][HTMLAnalysis:parse][INFO-开始解析职位详情页面]
2019-07-10 11:18:31,832[HTMLAnalysis:137][HTMLAnalysis:getNewData][INFO-开始获取职位详情数据https://www.zhipin.com/job_detail/42a48d5f342a3a7b1XZ42tq1FFo~.html]
2019-07-10 11:18:31,838[HTMLAnalysis:141][HTMLAnalysis:getNewData][INFO-获取了职位详情数据**27***22217848]
2019-07-10 11:18:31,838[HTMLAnalysis:124][HTMLAnalysis:parse][INFO-解析职位详情页面html成功]
2019-07-10 11:18:31,838[URLManager:33][URLManager:addNewUrl][INFO-开始添加待爬取url]
2019-07-10 11:18:31,838[DataClass:45][DataClass:WriteCSV][INFO-准备将数据写入csv文件中]
2019-07-10 11:18:31,847[bossSpider:63][bossSpider:crawl][INFO-已经爬取了12个链接]
2019-07-10 11:18:31,847[bossSpider:46][bossSpider:crawl][INFO-开始爬取了]
2019-07-10 11:18:41,847[bossSpider:50][bossSpider:crawl][INFO-即将开始下载https://www.zhipin.com/job_detail/63fa8905566064b01X162Nm0FlI~.html的内容]
2019-07-10 11:18:42,242[HTMLDownload:31][HTMLDownload:download][INFO-下载html成功，对应url：https://www.zhipin.com/job_detail/63fa8905566064b01X162Nm0FlI~.html]
2019-07-10 11:18:42,668[HTMLAnalysis:120][HTMLAnalysis:parse][INFO-开始解析职位详情页面]
2019-07-10 11:18:42,729[HTMLAnalysis:137][HTMLAnalysis:getNewData][INFO-开始获取职位详情数据https://www.zhipin.com/job_detail/63fa8905566064b01X162Nm0FlI~.html]
2019-07-10 11:18:42,734[HTMLAnalysis:141][HTMLAnalysis:getNewData][INFO-获取了职位详情数据**7***29034960]
2019-07-10 11:18:42,734[HTMLAnalysis:124][HTMLAnalysis:parse][INFO-解析职位详情页面html成功]
2019-07-10 11:18:42,734[URLManager:33][URLManager:addNewUrl][INFO-开始添加待爬取url]
2019-07-10 11:18:42,734[DataClass:45][DataClass:WriteCSV][INFO-准备将数据写入csv文件中]
2019-07-10 11:18:42,744[bossSpider:63][bossSpider:crawl][INFO-已经爬取了13个链接]
2019-07-10 11:18:42,744[bossSpider:46][bossSpider:crawl][INFO-开始爬取了]
2019-07-10 11:18:52,744[bossSpider:50][bossSpider:crawl][INFO-即将开始下载https://www.zhipin.com/job_detail/93aee47fdae20caa1HF43d-6GFc~.html的内容]
2019-07-10 11:18:53,273[HTMLDownload:31][HTMLDownload:download][INFO-下载html成功，对应url：https://www.zhipin.com/job_detail/93aee47fdae20caa1HF43d-6GFc~.html]
2019-07-10 11:18:53,694[HTMLAnalysis:120][HTMLAnalysis:parse][INFO-开始解析职位详情页面]
2019-07-10 11:18:53,756[HTMLAnalysis:137][HTMLAnalysis:getNewData][INFO-开始获取职位详情数据https://www.zhipin.com/job_detail/93aee47fdae20caa1HF43d-6GFc~.html]
2019-07-10 11:18:53,762[HTMLAnalysis:141][HTMLAnalysis:getNewData][INFO-获取了职位详情数据**5***35262785]
2019-07-10 11:18:53,762[HTMLAnalysis:124][HTMLAnalysis:parse][INFO-解析职位详情页面html成功]
2019-07-10 11:18:53,762[URLManager:33][URLManager:addNewUrl][INFO-开始添加待爬取url]
2019-07-10 11:18:53,762[DataClass:45][DataClass:WriteCSV][INFO-准备将数据写入csv文件中]
2019-07-10 11:18:53,772[bossSpider:63][bossSpider:crawl][INFO-已经爬取了14个链接]
2019-07-10 11:18:53,772[bossSpider:46][bossSpider:crawl][INFO-开始爬取了]
2019-07-10 11:19:03,772[bossSpider:50][bossSpider:crawl][INFO-即将开始下载https://www.zhipin.com/job_detail/fb4778768ff229e21nJ63N21F1c~.html的内容]
2019-07-10 11:19:04,178[HTMLDownload:31][HTMLDownload:download][INFO-下载html成功，对应url：https://www.zhipin.com/job_detail/fb4778768ff229e21nJ63N21F1c~.html]
2019-07-10 11:19:04,600[HTMLAnalysis:120][HTMLAnalysis:parse][INFO-开始解析职位详情页面]
2019-07-10 11:19:04,670[HTMLAnalysis:137][HTMLAnalysis:getNewData][INFO-开始获取职位详情数据https://www.zhipin.com/job_detail/fb4778768ff229e21nJ63N21F1c~.html]
2019-07-10 11:19:04,675[HTMLAnalysis:141][HTMLAnalysis:getNewData][INFO-获取了职位详情数据**27***16070875]
2019-07-10 11:19:04,675[HTMLAnalysis:124][HTMLAnalysis:parse][INFO-解析职位详情页面html成功]
2019-07-10 11:19:04,675[URLManager:33][URLManager:addNewUrl][INFO-开始添加待爬取url]
2019-07-10 11:19:04,675[DataClass:45][DataClass:WriteCSV][INFO-准备将数据写入csv文件中]
2019-07-10 11:19:04,685[bossSpider:63][bossSpider:crawl][INFO-已经爬取了15个链接]
2019-07-10 11:19:04,685[bossSpider:46][bossSpider:crawl][INFO-开始爬取了]
2019-07-10 11:19:14,685[bossSpider:50][bossSpider:crawl][INFO-即将开始下载https://www.zhipin.com/job_detail/aaa714242e10e5551H182Ni7GFE~.html的内容]
2019-07-10 11:19:15,173[HTMLDownload:31][HTMLDownload:download][INFO-下载html成功，对应url：https://www.zhipin.com/job_detail/aaa714242e10e5551H182Ni7GFE~.html]
2019-07-10 11:19:15,599[HTMLAnalysis:120][HTMLAnalysis:parse][INFO-开始解析职位详情页面]
2019-07-10 11:19:15,669[HTMLAnalysis:137][HTMLAnalysis:getNewData][INFO-开始获取职位详情数据https://www.zhipin.com/job_detail/aaa714242e10e5551H182Ni7GFE~.html]
2019-07-10 11:19:15,675[HTMLAnalysis:141][HTMLAnalysis:getNewData][INFO-获取了职位详情数据**21***39635683]
2019-07-10 11:19:15,675[HTMLAnalysis:124][HTMLAnalysis:parse][INFO-解析职位详情页面html成功]
2019-07-10 11:19:15,675[URLManager:33][URLManager:addNewUrl][INFO-开始添加待爬取url]
2019-07-10 11:19:15,675[DataClass:45][DataClass:WriteCSV][INFO-准备将数据写入csv文件中]
2019-07-10 11:19:15,684[bossSpider:63][bossSpider:crawl][INFO-已经爬取了16个链接]
2019-07-10 11:19:15,684[bossSpider:46][bossSpider:crawl][INFO-开始爬取了]
2019-07-10 11:19:25,685[bossSpider:50][bossSpider:crawl][INFO-即将开始下载https://www.zhipin.com/job_detail/edee82d4901446271XB-2N2-F1E~.html的内容]
2019-07-10 11:19:26,250[HTMLDownload:31][HTMLDownload:download][INFO-下载html成功，对应url：https://www.zhipin.com/job_detail/edee82d4901446271XB-2N2-F1E~.html]
2019-07-10 11:19:26,680[HTMLAnalysis:120][HTMLAnalysis:parse][INFO-开始解析职位详情页面]
2019-07-10 11:19:26,740[HTMLAnalysis:137][HTMLAnalysis:getNewData][INFO-开始获取职位详情数据https://www.zhipin.com/job_detail/edee82d4901446271XB-2N2-F1E~.html]
2019-07-10 11:19:26,744[HTMLAnalysis:141][HTMLAnalysis:getNewData][INFO-获取了职位详情数据**17***24430373]
2019-07-10 11:19:26,744[HTMLAnalysis:124][HTMLAnalysis:parse][INFO-解析职位详情页面html成功]
2019-07-10 11:19:26,745[URLManager:33][URLManager:addNewUrl][INFO-开始添加待爬取url]
2019-07-10 11:19:26,745[DataClass:45][DataClass:WriteCSV][INFO-准备将数据写入csv文件中]
2019-07-10 11:19:26,755[bossSpider:63][bossSpider:crawl][INFO-已经爬取了17个链接]
2019-07-10 11:19:26,755[bossSpider:46][bossSpider:crawl][INFO-开始爬取了]
2019-07-10 11:19:36,756[bossSpider:50][bossSpider:crawl][INFO-即将开始下载https://www.zhipin.com/job_detail/af1810418db81e101X193Nq4FlE~.html的内容]
2019-07-10 11:19:37,231[HTMLDownload:31][HTMLDownload:download][INFO-下载html成功，对应url：https://www.zhipin.com/job_detail/af1810418db81e101X193Nq4FlE~.html]
2019-07-10 11:19:37,659[HTMLAnalysis:120][HTMLAnalysis:parse][INFO-开始解析职位详情页面]
2019-07-10 11:19:37,719[HTMLAnalysis:137][HTMLAnalysis:getNewData][INFO-开始获取职位详情数据https://www.zhipin.com/job_detail/af1810418db81e101X193Nq4FlE~.html]
2019-07-10 11:19:37,723[HTMLAnalysis:141][HTMLAnalysis:getNewData][INFO-获取了职位详情数据**21***29777563]
2019-07-10 11:19:37,723[HTMLAnalysis:124][HTMLAnalysis:parse][INFO-解析职位详情页面html成功]
2019-07-10 11:19:37,723[URLManager:33][URLManager:addNewUrl][INFO-开始添加待爬取url]
2019-07-10 11:19:37,723[DataClass:45][DataClass:WriteCSV][INFO-准备将数据写入csv文件中]
2019-07-10 11:19:37,734[bossSpider:63][bossSpider:crawl][INFO-已经爬取了18个链接]
2019-07-10 11:19:37,734[bossSpider:46][bossSpider:crawl][INFO-开始爬取了]
2019-07-10 11:19:47,734[bossSpider:50][bossSpider:crawl][INFO-即将开始下载https://www.zhipin.com/job_detail/7e40832127f4f36c1H1y0t25FVM~.html的内容]
2019-07-10 11:19:48,257[HTMLDownload:31][HTMLDownload:download][INFO-下载html成功，对应url：https://www.zhipin.com/job_detail/7e40832127f4f36c1H1y0t25FVM~.html]
2019-07-10 11:19:48,715[HTMLAnalysis:120][HTMLAnalysis:parse][INFO-开始解析职位详情页面]
2019-07-10 11:19:48,798[HTMLAnalysis:137][HTMLAnalysis:getNewData][INFO-开始获取职位详情数据https://www.zhipin.com/job_detail/7e40832127f4f36c1H1y0t25FVM~.html]
2019-07-10 11:19:48,803[HTMLAnalysis:141][HTMLAnalysis:getNewData][INFO-获取了职位详情数据**25***39890451]
2019-07-10 11:19:48,803[HTMLAnalysis:124][HTMLAnalysis:parse][INFO-解析职位详情页面html成功]
2019-07-10 11:19:48,803[URLManager:33][URLManager:addNewUrl][INFO-开始添加待爬取url]
2019-07-10 11:19:48,803[DataClass:45][DataClass:WriteCSV][INFO-准备将数据写入csv文件中]
2019-07-10 11:19:48,817[bossSpider:63][bossSpider:crawl][INFO-已经爬取了19个链接]
2019-07-10 11:19:48,817[bossSpider:46][bossSpider:crawl][INFO-开始爬取了]
2019-07-10 11:19:58,817[bossSpider:50][bossSpider:crawl][INFO-即将开始下载https://www.zhipin.com/job_detail/d2e31b4b1e0adff61XFz2ti8F1s~.html的内容]
2019-07-10 11:19:59,311[HTMLDownload:31][HTMLDownload:download][INFO-下载html成功，对应url：https://www.zhipin.com/job_detail/d2e31b4b1e0adff61XFz2ti8F1s~.html]
2019-07-10 11:19:59,743[HTMLAnalysis:120][HTMLAnalysis:parse][INFO-开始解析职位详情页面]
2019-07-10 11:19:59,806[HTMLAnalysis:137][HTMLAnalysis:getNewData][INFO-开始获取职位详情数据https://www.zhipin.com/job_detail/d2e31b4b1e0adff61XFz2ti8F1s~.html]
2019-07-10 11:19:59,811[HTMLAnalysis:141][HTMLAnalysis:getNewData][INFO-获取了职位详情数据**11***25915179]
2019-07-10 11:19:59,811[HTMLAnalysis:124][HTMLAnalysis:parse][INFO-解析职位详情页面html成功]
2019-07-10 11:19:59,811[URLManager:33][URLManager:addNewUrl][INFO-开始添加待爬取url]
2019-07-10 11:19:59,811[DataClass:45][DataClass:WriteCSV][INFO-准备将数据写入csv文件中]
2019-07-10 11:19:59,823[bossSpider:63][bossSpider:crawl][INFO-已经爬取了20个链接]
2019-07-10 11:19:59,823[bossSpider:46][bossSpider:crawl][INFO-开始爬取了]
2019-07-10 11:20:09,823[bossSpider:50][bossSpider:crawl][INFO-即将开始下载https://www.zhipin.com/job_detail/6153b8131f10cf0a1HJ43928GFo~.html的内容]
2019-07-10 11:20:10,283[HTMLDownload:31][HTMLDownload:download][INFO-下载html成功，对应url：https://www.zhipin.com/job_detail/6153b8131f10cf0a1HJ43928GFo~.html]
2019-07-10 11:20:10,710[HTMLAnalysis:120][HTMLAnalysis:parse][INFO-开始解析职位详情页面]
2019-07-10 11:20:10,769[HTMLAnalysis:137][HTMLAnalysis:getNewData][INFO-开始获取职位详情数据https://www.zhipin.com/job_detail/6153b8131f10cf0a1HJ43928GFo~.html]
2019-07-10 11:20:10,773[HTMLAnalysis:141][HTMLAnalysis:getNewData][INFO-获取了职位详情数据**5***36240188]
2019-07-10 11:20:10,773[HTMLAnalysis:124][HTMLAnalysis:parse][INFO-解析职位详情页面html成功]
2019-07-10 11:20:10,774[URLManager:33][URLManager:addNewUrl][INFO-开始添加待爬取url]
2019-07-10 11:20:10,774[DataClass:45][DataClass:WriteCSV][INFO-准备将数据写入csv文件中]
2019-07-10 11:20:10,786[bossSpider:63][bossSpider:crawl][INFO-已经爬取了21个链接]
2019-07-10 11:20:10,786[bossSpider:46][bossSpider:crawl][INFO-开始爬取了]
2019-07-10 11:20:20,787[bossSpider:50][bossSpider:crawl][INFO-即将开始下载https://www.zhipin.com/job_detail/ad2877cd958976161HJ52dq5E1U~.html的内容]
2019-07-10 11:20:21,232[HTMLDownload:31][HTMLDownload:download][INFO-下载html成功，对应url：https://www.zhipin.com/job_detail/ad2877cd958976161HJ52dq5E1U~.html]
2019-07-10 11:20:21,729[HTMLAnalysis:120][HTMLAnalysis:parse][INFO-开始解析职位详情页面]
2019-07-10 11:20:21,787[HTMLAnalysis:137][HTMLAnalysis:getNewData][INFO-开始获取职位详情数据https://www.zhipin.com/job_detail/ad2877cd958976161HJ52dq5E1U~.html]
2019-07-10 11:20:21,792[HTMLAnalysis:141][HTMLAnalysis:getNewData][INFO-获取了职位详情数据**1***36327437]
2019-07-10 11:20:21,792[HTMLAnalysis:124][HTMLAnalysis:parse][INFO-解析职位详情页面html成功]
2019-07-10 11:20:21,792[URLManager:33][URLManager:addNewUrl][INFO-开始添加待爬取url]
2019-07-10 11:20:21,792[DataClass:45][DataClass:WriteCSV][INFO-准备将数据写入csv文件中]
2019-07-10 11:20:21,805[bossSpider:63][bossSpider:crawl][INFO-已经爬取了22个链接]
2019-07-10 11:20:21,805[bossSpider:46][bossSpider:crawl][INFO-开始爬取了]
2019-07-10 11:20:31,806[bossSpider:50][bossSpider:crawl][INFO-即将开始下载https://www.zhipin.com/job_detail/8f22653c8b3a9e691HB72du6EVQ~.html的内容]
2019-07-10 11:20:32,258[HTMLDownload:31][HTMLDownload:download][INFO-下载html成功，对应url：https://www.zhipin.com/job_detail/8f22653c8b3a9e691HB72du6EVQ~.html]
2019-07-10 11:20:32,843[HTMLAnalysis:120][HTMLAnalysis:parse][INFO-开始解析职位详情页面]
2019-07-10 11:20:32,913[HTMLAnalysis:137][HTMLAnalysis:getNewData][INFO-开始获取职位详情数据https://www.zhipin.com/job_detail/8f22653c8b3a9e691HB72du6EVQ~.html]
2019-07-10 11:20:32,919[HTMLAnalysis:141][HTMLAnalysis:getNewData][INFO-获取了职位详情数据**27***34126716]
2019-07-10 11:20:32,919[HTMLAnalysis:124][HTMLAnalysis:parse][INFO-解析职位详情页面html成功]
2019-07-10 11:20:32,920[URLManager:33][URLManager:addNewUrl][INFO-开始添加待爬取url]
2019-07-10 11:20:32,920[DataClass:45][DataClass:WriteCSV][INFO-准备将数据写入csv文件中]
2019-07-10 11:20:32,934[bossSpider:63][bossSpider:crawl][INFO-已经爬取了23个链接]
2019-07-10 11:20:32,934[bossSpider:46][bossSpider:crawl][INFO-开始爬取了]
